The system is: Linux - 5.15.49-linuxkit-pr - x86_64
Compiling the C compiler identification source file "CMakeCCompilerId.c" succeeded.
Compiler: /usr/bin/gcc 
Build flags: 
Id flags:  

The output was:
0


Compilation of the C compiler identification source "CMakeCCompilerId.c" produced "a.out"

The C compiler identification is GNU, found in "/workspaces/server/build/CMakeFiles/3.16.3/CompilerIdC/a.out"

Compiling the CXX compiler identification source file "CMakeCXXCompilerId.cpp" succeeded.
Compiler: /usr/bin/g++ 
Build flags: 
Id flags:  

The output was:
0


Compilation of the CXX compiler identification source "CMakeCXXCompilerId.cpp" produced "a.out"

The CXX compiler identification is GNU, found in "/workspaces/server/build/CMakeFiles/3.16.3/CompilerIdCXX/a.out"

Determining if the C compiler works passed with the following output:
Change Dir: /workspaces/server/build/CMakeFiles/CMakeTmp

Run Build Command(s):/usr/bin/make cmTC_7ad67/fast && /usr/bin/make -f CMakeFiles/cmTC_7ad67.dir/build.make CMakeFiles/cmTC_7ad67.dir/build
make[1]: Entering directory '/workspaces/server/build/CMakeFiles/CMakeTmp'
Building C object CMakeFiles/cmTC_7ad67.dir/testCCompiler.c.o
/usr/bin/gcc    -o CMakeFiles/cmTC_7ad67.dir/testCCompiler.c.o   -c /workspaces/server/build/CMakeFiles/CMakeTmp/testCCompiler.c
Linking C executable cmTC_7ad67
/usr/bin/cmake -E cmake_link_script CMakeFiles/cmTC_7ad67.dir/link.txt --verbose=1
/usr/bin/gcc      -rdynamic CMakeFiles/cmTC_7ad67.dir/testCCompiler.c.o  -o cmTC_7ad67 
make[1]: Leaving directory '/workspaces/server/build/CMakeFiles/CMakeTmp'



Detecting C compiler ABI info compiled with the following output:
Change Dir: /workspaces/server/build/CMakeFiles/CMakeTmp

Run Build Command(s):/usr/bin/make cmTC_1411e/fast && /usr/bin/make -f CMakeFiles/cmTC_1411e.dir/build.make CMakeFiles/cmTC_1411e.dir/build
make[1]: Entering directory '/workspaces/server/build/CMakeFiles/CMakeTmp'
Building C object CMakeFiles/cmTC_1411e.dir/CMakeCCompilerABI.c.o
/usr/bin/gcc   -v -o CMakeFiles/cmTC_1411e.dir/CMakeCCompilerABI.c.o   -c /usr/share/cmake-3.16/Modules/CMakeCCompilerABI.c
Using built-in specs.
COLLECT_GCC=/usr/bin/gcc
OFFLOAD_TARGET_NAMES=nvptx-none:hsa
OFFLOAD_TARGET_DEFAULT=1
Target: x86_64-linux-gnu
Configured with: ../src/configure -v --with-pkgversion='Ubuntu 9.4.0-1ubuntu1~20.04.1' --with-bugurl=file:///usr/share/doc/gcc-9/README.Bugs --enable-languages=c,ada,c++,go,brig,d,fortran,objc,obj-c++,gm2 --prefix=/usr --with-gcc-major-version-only --program-suffix=-9 --program-prefix=x86_64-linux-gnu- --enable-shared --enable-linker-build-id --libexecdir=/usr/lib --without-included-gettext --enable-threads=posix --libdir=/usr/lib --enable-nls --enable-clocale=gnu --enable-libstdcxx-debug --enable-libstdcxx-time=yes --with-default-libstdcxx-abi=new --enable-gnu-unique-object --disable-vtable-verify --enable-plugin --enable-default-pie --with-system-zlib --with-target-system-zlib=auto --enable-objc-gc=auto --enable-multiarch --disable-werror --with-arch-32=i686 --with-abi=m64 --with-multilib-list=m32,m64,mx32 --enable-multilib --with-tune=generic --enable-offload-targets=nvptx-none=/build/gcc-9-Av3uEd/gcc-9-9.4.0/debian/tmp-nvptx/usr,hsa --without-cuda-driver --enable-checking=release --build=x86_64-linux-gnu --host=x86_64-linux-gnu --target=x86_64-linux-gnu
Thread model: posix
gcc version 9.4.0 (Ubuntu 9.4.0-1ubuntu1~20.04.1) 
COLLECT_GCC_OPTIONS='-v' '-o' 'CMakeFiles/cmTC_1411e.dir/CMakeCCompilerABI.c.o' '-c' '-mtune=generic' '-march=x86-64'
 /usr/lib/gcc/x86_64-linux-gnu/9/cc1 -quiet -v -imultiarch x86_64-linux-gnu /usr/share/cmake-3.16/Modules/CMakeCCompilerABI.c -quiet -dumpbase CMakeCCompilerABI.c -mtune=generic -march=x86-64 -auxbase-strip CMakeFiles/cmTC_1411e.dir/CMakeCCompilerABI.c.o -version -fasynchronous-unwind-tables -fstack-protector-strong -Wformat -Wformat-security -fstack-clash-protection -fcf-protection -o /tmp/cc5664lT.s
GNU C17 (Ubuntu 9.4.0-1ubuntu1~20.04.1) version 9.4.0 (x86_64-linux-gnu)
	compiled by GNU C version 9.4.0, GMP version 6.2.0, MPFR version 4.0.2, MPC version 1.1.0, isl version isl-0.22.1-GMP

GGC heuristics: --param ggc-min-expand=100 --param ggc-min-heapsize=131072
ignoring nonexistent directory "/usr/local/include/x86_64-linux-gnu"
ignoring nonexistent directory "/usr/lib/gcc/x86_64-linux-gnu/9/include-fixed"
ignoring nonexistent directory "/usr/lib/gcc/x86_64-linux-gnu/9/../../../../x86_64-linux-gnu/include"
#include "..." search starts here:
#include <...> search starts here:
 /usr/lib/gcc/x86_64-linux-gnu/9/include
 /usr/local/include
 /usr/include/x86_64-linux-gnu
 /usr/include
End of search list.
GNU C17 (Ubuntu 9.4.0-1ubuntu1~20.04.1) version 9.4.0 (x86_64-linux-gnu)
	compiled by GNU C version 9.4.0, GMP version 6.2.0, MPFR version 4.0.2, MPC version 1.1.0, isl version isl-0.22.1-GMP

GGC heuristics: --param ggc-min-expand=100 --param ggc-min-heapsize=131072
Compiler executable checksum: c0c95c0b4209efec1c1892d5ff24030b
COLLECT_GCC_OPTIONS='-v' '-o' 'CMakeFiles/cmTC_1411e.dir/CMakeCCompilerABI.c.o' '-c' '-mtune=generic' '-march=x86-64'
 as -v --64 -o CMakeFiles/cmTC_1411e.dir/CMakeCCompilerABI.c.o /tmp/cc5664lT.s
GNU assembler version 2.34 (x86_64-linux-gnu) using BFD version (GNU Binutils for Ubuntu) 2.34
COMPILER_PATH=/usr/lib/gcc/x86_64-linux-gnu/9/:/usr/lib/gcc/x86_64-linux-gnu/9/:/usr/lib/gcc/x86_64-linux-gnu/:/usr/lib/gcc/x86_64-linux-gnu/9/:/usr/lib/gcc/x86_64-linux-gnu/
LIBRARY_PATH=/usr/lib/gcc/x86_64-linux-gnu/9/:/usr/lib/gcc/x86_64-linux-gnu/9/../../../x86_64-linux-gnu/:/usr/lib/gcc/x86_64-linux-gnu/9/../../../../lib/:/lib/x86_64-linux-gnu/:/lib/../lib/:/usr/lib/x86_64-linux-gnu/:/usr/lib/../lib/:/usr/lib/gcc/x86_64-linux-gnu/9/../../../:/lib/:/usr/lib/
COLLECT_GCC_OPTIONS='-v' '-o' 'CMakeFiles/cmTC_1411e.dir/CMakeCCompilerABI.c.o' '-c' '-mtune=generic' '-march=x86-64'
Linking C executable cmTC_1411e
/usr/bin/cmake -E cmake_link_script CMakeFiles/cmTC_1411e.dir/link.txt --verbose=1
/usr/bin/gcc     -v -rdynamic CMakeFiles/cmTC_1411e.dir/CMakeCCompilerABI.c.o  -o cmTC_1411e 
Using built-in specs.
COLLECT_GCC=/usr/bin/gcc
COLLECT_LTO_WRAPPER=/usr/lib/gcc/x86_64-linux-gnu/9/lto-wrapper
OFFLOAD_TARGET_NAMES=nvptx-none:hsa
OFFLOAD_TARGET_DEFAULT=1
Target: x86_64-linux-gnu
Configured with: ../src/configure -v --with-pkgversion='Ubuntu 9.4.0-1ubuntu1~20.04.1' --with-bugurl=file:///usr/share/doc/gcc-9/README.Bugs --enable-languages=c,ada,c++,go,brig,d,fortran,objc,obj-c++,gm2 --prefix=/usr --with-gcc-major-version-only --program-suffix=-9 --program-prefix=x86_64-linux-gnu- --enable-shared --enable-linker-build-id --libexecdir=/usr/lib --without-included-gettext --enable-threads=posix --libdir=/usr/lib --enable-nls --enable-clocale=gnu --enable-libstdcxx-debug --enable-libstdcxx-time=yes --with-default-libstdcxx-abi=new --enable-gnu-unique-object --disable-vtable-verify --enable-plugin --enable-default-pie --with-system-zlib --with-target-system-zlib=auto --enable-objc-gc=auto --enable-multiarch --disable-werror --with-arch-32=i686 --with-abi=m64 --with-multilib-list=m32,m64,mx32 --enable-multilib --with-tune=generic --enable-offload-targets=nvptx-none=/build/gcc-9-Av3uEd/gcc-9-9.4.0/debian/tmp-nvptx/usr,hsa --without-cuda-driver --enable-checking=release --build=x86_64-linux-gnu --host=x86_64-linux-gnu --target=x86_64-linux-gnu
Thread model: posix
gcc version 9.4.0 (Ubuntu 9.4.0-1ubuntu1~20.04.1) 
COMPILER_PATH=/usr/lib/gcc/x86_64-linux-gnu/9/:/usr/lib/gcc/x86_64-linux-gnu/9/:/usr/lib/gcc/x86_64-linux-gnu/:/usr/lib/gcc/x86_64-linux-gnu/9/:/usr/lib/gcc/x86_64-linux-gnu/
LIBRARY_PATH=/usr/lib/gcc/x86_64-linux-gnu/9/:/usr/lib/gcc/x86_64-linux-gnu/9/../../../x86_64-linux-gnu/:/usr/lib/gcc/x86_64-linux-gnu/9/../../../../lib/:/lib/x86_64-linux-gnu/:/lib/../lib/:/usr/lib/x86_64-linux-gnu/:/usr/lib/../lib/:/usr/lib/gcc/x86_64-linux-gnu/9/../../../:/lib/:/usr/lib/
COLLECT_GCC_OPTIONS='-v' '-rdynamic' '-o' 'cmTC_1411e' '-mtune=generic' '-march=x86-64'
 /usr/lib/gcc/x86_64-linux-gnu/9/collect2 -plugin /usr/lib/gcc/x86_64-linux-gnu/9/liblto_plugin.so -plugin-opt=/usr/lib/gcc/x86_64-linux-gnu/9/lto-wrapper -plugin-opt=-fresolution=/tmp/cc19jsfn.res -plugin-opt=-pass-through=-lgcc -plugin-opt=-pass-through=-lgcc_s -plugin-opt=-pass-through=-lc -plugin-opt=-pass-through=-lgcc -plugin-opt=-pass-through=-lgcc_s --build-id --eh-frame-hdr -m elf_x86_64 --hash-style=gnu --as-needed -export-dynamic -dynamic-linker /lib64/ld-linux-x86-64.so.2 -pie -z now -z relro -o cmTC_1411e /usr/lib/gcc/x86_64-linux-gnu/9/../../../x86_64-linux-gnu/Scrt1.o /usr/lib/gcc/x86_64-linux-gnu/9/../../../x86_64-linux-gnu/crti.o /usr/lib/gcc/x86_64-linux-gnu/9/crtbeginS.o -L/usr/lib/gcc/x86_64-linux-gnu/9 -L/usr/lib/gcc/x86_64-linux-gnu/9/../../../x86_64-linux-gnu -L/usr/lib/gcc/x86_64-linux-gnu/9/../../../../lib -L/lib/x86_64-linux-gnu -L/lib/../lib -L/usr/lib/x86_64-linux-gnu -L/usr/lib/../lib -L/usr/lib/gcc/x86_64-linux-gnu/9/../../.. CMakeFiles/cmTC_1411e.dir/CMakeCCompilerABI.c.o -lgcc --push-state --as-needed -lgcc_s --pop-state -lc -lgcc --push-state --as-needed -lgcc_s --pop-state /usr/lib/gcc/x86_64-linux-gnu/9/crtendS.o /usr/lib/gcc/x86_64-linux-gnu/9/../../../x86_64-linux-gnu/crtn.o
COLLECT_GCC_OPTIONS='-v' '-rdynamic' '-o' 'cmTC_1411e' '-mtune=generic' '-march=x86-64'
make[1]: Leaving directory '/workspaces/server/build/CMakeFiles/CMakeTmp'



Parsed C implicit include dir info from above output: rv=done
  found start of include info
  found start of implicit include info
    add: [/usr/lib/gcc/x86_64-linux-gnu/9/include]
    add: [/usr/local/include]
    add: [/usr/include/x86_64-linux-gnu]
    add: [/usr/include]
  end of search list found
  collapse include dir [/usr/lib/gcc/x86_64-linux-gnu/9/include] ==> [/usr/lib/gcc/x86_64-linux-gnu/9/include]
  collapse include dir [/usr/local/include] ==> [/usr/local/include]
  collapse include dir [/usr/include/x86_64-linux-gnu] ==> [/usr/include/x86_64-linux-gnu]
  collapse include dir [/usr/include] ==> [/usr/include]
  implicit include dirs: [/usr/lib/gcc/x86_64-linux-gnu/9/include;/usr/local/include;/usr/include/x86_64-linux-gnu;/usr/include]


Parsed C implicit link information from above output:
  link line regex: [^( *|.*[/\])(ld|CMAKE_LINK_STARTFILE-NOTFOUND|([^/\]+-)?ld|collect2)[^/\]*( |$)]
  ignore line: [Change Dir: /workspaces/server/build/CMakeFiles/CMakeTmp]
  ignore line: []
  ignore line: [Run Build Command(s):/usr/bin/make cmTC_1411e/fast && /usr/bin/make -f CMakeFiles/cmTC_1411e.dir/build.make CMakeFiles/cmTC_1411e.dir/build]
  ignore line: [make[1]: Entering directory '/workspaces/server/build/CMakeFiles/CMakeTmp']
  ignore line: [Building C object CMakeFiles/cmTC_1411e.dir/CMakeCCompilerABI.c.o]
  ignore line: [/usr/bin/gcc   -v -o CMakeFiles/cmTC_1411e.dir/CMakeCCompilerABI.c.o   -c /usr/share/cmake-3.16/Modules/CMakeCCompilerABI.c]
  ignore line: [Using built-in specs.]
  ignore line: [COLLECT_GCC=/usr/bin/gcc]
  ignore line: [OFFLOAD_TARGET_NAMES=nvptx-none:hsa]
  ignore line: [OFFLOAD_TARGET_DEFAULT=1]
  ignore line: [Target: x86_64-linux-gnu]
  ignore line: [Configured with: ../src/configure -v --with-pkgversion='Ubuntu 9.4.0-1ubuntu1~20.04.1' --with-bugurl=file:///usr/share/doc/gcc-9/README.Bugs --enable-languages=c ada c++ go brig d fortran objc obj-c++ gm2 --prefix=/usr --with-gcc-major-version-only --program-suffix=-9 --program-prefix=x86_64-linux-gnu- --enable-shared --enable-linker-build-id --libexecdir=/usr/lib --without-included-gettext --enable-threads=posix --libdir=/usr/lib --enable-nls --enable-clocale=gnu --enable-libstdcxx-debug --enable-libstdcxx-time=yes --with-default-libstdcxx-abi=new --enable-gnu-unique-object --disable-vtable-verify --enable-plugin --enable-default-pie --with-system-zlib --with-target-system-zlib=auto --enable-objc-gc=auto --enable-multiarch --disable-werror --with-arch-32=i686 --with-abi=m64 --with-multilib-list=m32 m64 mx32 --enable-multilib --with-tune=generic --enable-offload-targets=nvptx-none=/build/gcc-9-Av3uEd/gcc-9-9.4.0/debian/tmp-nvptx/usr hsa --without-cuda-driver --enable-checking=release --build=x86_64-linux-gnu --host=x86_64-linux-gnu --target=x86_64-linux-gnu]
  ignore line: [Thread model: posix]
  ignore line: [gcc version 9.4.0 (Ubuntu 9.4.0-1ubuntu1~20.04.1) ]
  ignore line: [COLLECT_GCC_OPTIONS='-v' '-o' 'CMakeFiles/cmTC_1411e.dir/CMakeCCompilerABI.c.o' '-c' '-mtune=generic' '-march=x86-64']
  ignore line: [ /usr/lib/gcc/x86_64-linux-gnu/9/cc1 -quiet -v -imultiarch x86_64-linux-gnu /usr/share/cmake-3.16/Modules/CMakeCCompilerABI.c -quiet -dumpbase CMakeCCompilerABI.c -mtune=generic -march=x86-64 -auxbase-strip CMakeFiles/cmTC_1411e.dir/CMakeCCompilerABI.c.o -version -fasynchronous-unwind-tables -fstack-protector-strong -Wformat -Wformat-security -fstack-clash-protection -fcf-protection -o /tmp/cc5664lT.s]
  ignore line: [GNU C17 (Ubuntu 9.4.0-1ubuntu1~20.04.1) version 9.4.0 (x86_64-linux-gnu)]
  ignore line: [	compiled by GNU C version 9.4.0  GMP version 6.2.0  MPFR version 4.0.2  MPC version 1.1.0  isl version isl-0.22.1-GMP]
  ignore line: []
  ignore line: [GGC heuristics: --param ggc-min-expand=100 --param ggc-min-heapsize=131072]
  ignore line: [ignoring nonexistent directory "/usr/local/include/x86_64-linux-gnu"]
  ignore line: [ignoring nonexistent directory "/usr/lib/gcc/x86_64-linux-gnu/9/include-fixed"]
  ignore line: [ignoring nonexistent directory "/usr/lib/gcc/x86_64-linux-gnu/9/../../../../x86_64-linux-gnu/include"]
  ignore line: [#include "..." search starts here:]
  ignore line: [#include <...> search starts here:]
  ignore line: [ /usr/lib/gcc/x86_64-linux-gnu/9/include]
  ignore line: [ /usr/local/include]
  ignore line: [ /usr/include/x86_64-linux-gnu]
  ignore line: [ /usr/include]
  ignore line: [End of search list.]
  ignore line: [GNU C17 (Ubuntu 9.4.0-1ubuntu1~20.04.1) version 9.4.0 (x86_64-linux-gnu)]
  ignore line: [	compiled by GNU C version 9.4.0  GMP version 6.2.0  MPFR version 4.0.2  MPC version 1.1.0  isl version isl-0.22.1-GMP]
  ignore line: []
  ignore line: [GGC heuristics: --param ggc-min-expand=100 --param ggc-min-heapsize=131072]
  ignore line: [Compiler executable checksum: c0c95c0b4209efec1c1892d5ff24030b]
  ignore line: [COLLECT_GCC_OPTIONS='-v' '-o' 'CMakeFiles/cmTC_1411e.dir/CMakeCCompilerABI.c.o' '-c' '-mtune=generic' '-march=x86-64']
  ignore line: [ as -v --64 -o CMakeFiles/cmTC_1411e.dir/CMakeCCompilerABI.c.o /tmp/cc5664lT.s]
  ignore line: [GNU assembler version 2.34 (x86_64-linux-gnu) using BFD version (GNU Binutils for Ubuntu) 2.34]
  ignore line: [COMPILER_PATH=/usr/lib/gcc/x86_64-linux-gnu/9/:/usr/lib/gcc/x86_64-linux-gnu/9/:/usr/lib/gcc/x86_64-linux-gnu/:/usr/lib/gcc/x86_64-linux-gnu/9/:/usr/lib/gcc/x86_64-linux-gnu/]
  ignore line: [LIBRARY_PATH=/usr/lib/gcc/x86_64-linux-gnu/9/:/usr/lib/gcc/x86_64-linux-gnu/9/../../../x86_64-linux-gnu/:/usr/lib/gcc/x86_64-linux-gnu/9/../../../../lib/:/lib/x86_64-linux-gnu/:/lib/../lib/:/usr/lib/x86_64-linux-gnu/:/usr/lib/../lib/:/usr/lib/gcc/x86_64-linux-gnu/9/../../../:/lib/:/usr/lib/]
  ignore line: [COLLECT_GCC_OPTIONS='-v' '-o' 'CMakeFiles/cmTC_1411e.dir/CMakeCCompilerABI.c.o' '-c' '-mtune=generic' '-march=x86-64']
  ignore line: [Linking C executable cmTC_1411e]
  ignore line: [/usr/bin/cmake -E cmake_link_script CMakeFiles/cmTC_1411e.dir/link.txt --verbose=1]
  ignore line: [/usr/bin/gcc     -v -rdynamic CMakeFiles/cmTC_1411e.dir/CMakeCCompilerABI.c.o  -o cmTC_1411e ]
  ignore line: [Using built-in specs.]
  ignore line: [COLLECT_GCC=/usr/bin/gcc]
  ignore line: [COLLECT_LTO_WRAPPER=/usr/lib/gcc/x86_64-linux-gnu/9/lto-wrapper]
  ignore line: [OFFLOAD_TARGET_NAMES=nvptx-none:hsa]
  ignore line: [OFFLOAD_TARGET_DEFAULT=1]
  ignore line: [Target: x86_64-linux-gnu]
  ignore line: [Configured with: ../src/configure -v --with-pkgversion='Ubuntu 9.4.0-1ubuntu1~20.04.1' --with-bugurl=file:///usr/share/doc/gcc-9/README.Bugs --enable-languages=c ada c++ go brig d fortran objc obj-c++ gm2 --prefix=/usr --with-gcc-major-version-only --program-suffix=-9 --program-prefix=x86_64-linux-gnu- --enable-shared --enable-linker-build-id --libexecdir=/usr/lib --without-included-gettext --enable-threads=posix --libdir=/usr/lib --enable-nls --enable-clocale=gnu --enable-libstdcxx-debug --enable-libstdcxx-time=yes --with-default-libstdcxx-abi=new --enable-gnu-unique-object --disable-vtable-verify --enable-plugin --enable-default-pie --with-system-zlib --with-target-system-zlib=auto --enable-objc-gc=auto --enable-multiarch --disable-werror --with-arch-32=i686 --with-abi=m64 --with-multilib-list=m32 m64 mx32 --enable-multilib --with-tune=generic --enable-offload-targets=nvptx-none=/build/gcc-9-Av3uEd/gcc-9-9.4.0/debian/tmp-nvptx/usr hsa --without-cuda-driver --enable-checking=release --build=x86_64-linux-gnu --host=x86_64-linux-gnu --target=x86_64-linux-gnu]
  ignore line: [Thread model: posix]
  ignore line: [gcc version 9.4.0 (Ubuntu 9.4.0-1ubuntu1~20.04.1) ]
  ignore line: [COMPILER_PATH=/usr/lib/gcc/x86_64-linux-gnu/9/:/usr/lib/gcc/x86_64-linux-gnu/9/:/usr/lib/gcc/x86_64-linux-gnu/:/usr/lib/gcc/x86_64-linux-gnu/9/:/usr/lib/gcc/x86_64-linux-gnu/]
  ignore line: [LIBRARY_PATH=/usr/lib/gcc/x86_64-linux-gnu/9/:/usr/lib/gcc/x86_64-linux-gnu/9/../../../x86_64-linux-gnu/:/usr/lib/gcc/x86_64-linux-gnu/9/../../../../lib/:/lib/x86_64-linux-gnu/:/lib/../lib/:/usr/lib/x86_64-linux-gnu/:/usr/lib/../lib/:/usr/lib/gcc/x86_64-linux-gnu/9/../../../:/lib/:/usr/lib/]
  ignore line: [COLLECT_GCC_OPTIONS='-v' '-rdynamic' '-o' 'cmTC_1411e' '-mtune=generic' '-march=x86-64']
  link line: [ /usr/lib/gcc/x86_64-linux-gnu/9/collect2 -plugin /usr/lib/gcc/x86_64-linux-gnu/9/liblto_plugin.so -plugin-opt=/usr/lib/gcc/x86_64-linux-gnu/9/lto-wrapper -plugin-opt=-fresolution=/tmp/cc19jsfn.res -plugin-opt=-pass-through=-lgcc -plugin-opt=-pass-through=-lgcc_s -plugin-opt=-pass-through=-lc -plugin-opt=-pass-through=-lgcc -plugin-opt=-pass-through=-lgcc_s --build-id --eh-frame-hdr -m elf_x86_64 --hash-style=gnu --as-needed -export-dynamic -dynamic-linker /lib64/ld-linux-x86-64.so.2 -pie -z now -z relro -o cmTC_1411e /usr/lib/gcc/x86_64-linux-gnu/9/../../../x86_64-linux-gnu/Scrt1.o /usr/lib/gcc/x86_64-linux-gnu/9/../../../x86_64-linux-gnu/crti.o /usr/lib/gcc/x86_64-linux-gnu/9/crtbeginS.o -L/usr/lib/gcc/x86_64-linux-gnu/9 -L/usr/lib/gcc/x86_64-linux-gnu/9/../../../x86_64-linux-gnu -L/usr/lib/gcc/x86_64-linux-gnu/9/../../../../lib -L/lib/x86_64-linux-gnu -L/lib/../lib -L/usr/lib/x86_64-linux-gnu -L/usr/lib/../lib -L/usr/lib/gcc/x86_64-linux-gnu/9/../../.. CMakeFiles/cmTC_1411e.dir/CMakeCCompilerABI.c.o -lgcc --push-state --as-needed -lgcc_s --pop-state -lc -lgcc --push-state --as-needed -lgcc_s --pop-state /usr/lib/gcc/x86_64-linux-gnu/9/crtendS.o /usr/lib/gcc/x86_64-linux-gnu/9/../../../x86_64-linux-gnu/crtn.o]
    arg [/usr/lib/gcc/x86_64-linux-gnu/9/collect2] ==> ignore
    arg [-plugin] ==> ignore
    arg [/usr/lib/gcc/x86_64-linux-gnu/9/liblto_plugin.so] ==> ignore
    arg [-plugin-opt=/usr/lib/gcc/x86_64-linux-gnu/9/lto-wrapper] ==> ignore
    arg [-plugin-opt=-fresolution=/tmp/cc19jsfn.res] ==> ignore
    arg [-plugin-opt=-pass-through=-lgcc] ==> ignore
    arg [-plugin-opt=-pass-through=-lgcc_s] ==> ignore
    arg [-plugin-opt=-pass-through=-lc] ==> ignore
    arg [-plugin-opt=-pass-through=-lgcc] ==> ignore
    arg [-plugin-opt=-pass-through=-lgcc_s] ==> ignore
    arg [--build-id] ==> ignore
    arg [--eh-frame-hdr] ==> ignore
    arg [-m] ==> ignore
    arg [elf_x86_64] ==> ignore
    arg [--hash-style=gnu] ==> ignore
    arg [--as-needed] ==> ignore
    arg [-export-dynamic] ==> ignore
    arg [-dynamic-linker] ==> ignore
    arg [/lib64/ld-linux-x86-64.so.2] ==> ignore
    arg [-pie] ==> ignore
    arg [-znow] ==> ignore
    arg [-zrelro] ==> ignore
    arg [-o] ==> ignore
    arg [cmTC_1411e] ==> ignore
    arg [/usr/lib/gcc/x86_64-linux-gnu/9/../../../x86_64-linux-gnu/Scrt1.o] ==> ignore
    arg [/usr/lib/gcc/x86_64-linux-gnu/9/../../../x86_64-linux-gnu/crti.o] ==> ignore
    arg [/usr/lib/gcc/x86_64-linux-gnu/9/crtbeginS.o] ==> ignore
    arg [-L/usr/lib/gcc/x86_64-linux-gnu/9] ==> dir [/usr/lib/gcc/x86_64-linux-gnu/9]
    arg [-L/usr/lib/gcc/x86_64-linux-gnu/9/../../../x86_64-linux-gnu] ==> dir [/usr/lib/gcc/x86_64-linux-gnu/9/../../../x86_64-linux-gnu]
    arg [-L/usr/lib/gcc/x86_64-linux-gnu/9/../../../../lib] ==> dir [/usr/lib/gcc/x86_64-linux-gnu/9/../../../../lib]
    arg [-L/lib/x86_64-linux-gnu] ==> dir [/lib/x86_64-linux-gnu]
    arg [-L/lib/../lib] ==> dir [/lib/../lib]
    arg [-L/usr/lib/x86_64-linux-gnu] ==> dir [/usr/lib/x86_64-linux-gnu]
    arg [-L/usr/lib/../lib] ==> dir [/usr/lib/../lib]
    arg [-L/usr/lib/gcc/x86_64-linux-gnu/9/../../..] ==> dir [/usr/lib/gcc/x86_64-linux-gnu/9/../../..]
    arg [CMakeFiles/cmTC_1411e.dir/CMakeCCompilerABI.c.o] ==> ignore
    arg [-lgcc] ==> lib [gcc]
    arg [--push-state] ==> ignore
    arg [--as-needed] ==> ignore
    arg [-lgcc_s] ==> lib [gcc_s]
    arg [--pop-state] ==> ignore
    arg [-lc] ==> lib [c]
    arg [-lgcc] ==> lib [gcc]
    arg [--push-state] ==> ignore
    arg [--as-needed] ==> ignore
    arg [-lgcc_s] ==> lib [gcc_s]
    arg [--pop-state] ==> ignore
    arg [/usr/lib/gcc/x86_64-linux-gnu/9/crtendS.o] ==> ignore
    arg [/usr/lib/gcc/x86_64-linux-gnu/9/../../../x86_64-linux-gnu/crtn.o] ==> ignore
  collapse library dir [/usr/lib/gcc/x86_64-linux-gnu/9] ==> [/usr/lib/gcc/x86_64-linux-gnu/9]
  collapse library dir [/usr/lib/gcc/x86_64-linux-gnu/9/../../../x86_64-linux-gnu] ==> [/usr/lib/x86_64-linux-gnu]
  collapse library dir [/usr/lib/gcc/x86_64-linux-gnu/9/../../../../lib] ==> [/usr/lib]
  collapse library dir [/lib/x86_64-linux-gnu] ==> [/lib/x86_64-linux-gnu]
  collapse library dir [/lib/../lib] ==> [/lib]
  collapse library dir [/usr/lib/x86_64-linux-gnu] ==> [/usr/lib/x86_64-linux-gnu]
  collapse library dir [/usr/lib/../lib] ==> [/usr/lib]
  collapse library dir [/usr/lib/gcc/x86_64-linux-gnu/9/../../..] ==> [/usr/lib]
  implicit libs: [gcc;gcc_s;c;gcc;gcc_s]
  implicit dirs: [/usr/lib/gcc/x86_64-linux-gnu/9;/usr/lib/x86_64-linux-gnu;/usr/lib;/lib/x86_64-linux-gnu;/lib]
  implicit fwks: []


Determining if the CXX compiler works passed with the following output:
Change Dir: /workspaces/server/build/CMakeFiles/CMakeTmp

Run Build Command(s):/usr/bin/make cmTC_bee4f/fast && /usr/bin/make -f CMakeFiles/cmTC_bee4f.dir/build.make CMakeFiles/cmTC_bee4f.dir/build
make[1]: Entering directory '/workspaces/server/build/CMakeFiles/CMakeTmp'
Building CXX object CMakeFiles/cmTC_bee4f.dir/testCXXCompiler.cxx.o
/usr/bin/g++     -o CMakeFiles/cmTC_bee4f.dir/testCXXCompiler.cxx.o -c /workspaces/server/build/CMakeFiles/CMakeTmp/testCXXCompiler.cxx
Linking CXX executable cmTC_bee4f
/usr/bin/cmake -E cmake_link_script CMakeFiles/cmTC_bee4f.dir/link.txt --verbose=1
/usr/bin/g++       -rdynamic CMakeFiles/cmTC_bee4f.dir/testCXXCompiler.cxx.o  -o cmTC_bee4f 
make[1]: Leaving directory '/workspaces/server/build/CMakeFiles/CMakeTmp'



Detecting CXX compiler ABI info compiled with the following output:
Change Dir: /workspaces/server/build/CMakeFiles/CMakeTmp

Run Build Command(s):/usr/bin/make cmTC_01fdf/fast && /usr/bin/make -f CMakeFiles/cmTC_01fdf.dir/build.make CMakeFiles/cmTC_01fdf.dir/build
make[1]: Entering directory '/workspaces/server/build/CMakeFiles/CMakeTmp'
Building CXX object CMakeFiles/cmTC_01fdf.dir/CMakeCXXCompilerABI.cpp.o
/usr/bin/g++    -v -o CMakeFiles/cmTC_01fdf.dir/CMakeCXXCompilerABI.cpp.o -c /usr/share/cmake-3.16/Modules/CMakeCXXCompilerABI.cpp
Using built-in specs.
COLLECT_GCC=/usr/bin/g++
OFFLOAD_TARGET_NAMES=nvptx-none:hsa
OFFLOAD_TARGET_DEFAULT=1
Target: x86_64-linux-gnu
Configured with: ../src/configure -v --with-pkgversion='Ubuntu 9.4.0-1ubuntu1~20.04.1' --with-bugurl=file:///usr/share/doc/gcc-9/README.Bugs --enable-languages=c,ada,c++,go,brig,d,fortran,objc,obj-c++,gm2 --prefix=/usr --with-gcc-major-version-only --program-suffix=-9 --program-prefix=x86_64-linux-gnu- --enable-shared --enable-linker-build-id --libexecdir=/usr/lib --without-included-gettext --enable-threads=posix --libdir=/usr/lib --enable-nls --enable-clocale=gnu --enable-libstdcxx-debug --enable-libstdcxx-time=yes --with-default-libstdcxx-abi=new --enable-gnu-unique-object --disable-vtable-verify --enable-plugin --enable-default-pie --with-system-zlib --with-target-system-zlib=auto --enable-objc-gc=auto --enable-multiarch --disable-werror --with-arch-32=i686 --with-abi=m64 --with-multilib-list=m32,m64,mx32 --enable-multilib --with-tune=generic --enable-offload-targets=nvptx-none=/build/gcc-9-Av3uEd/gcc-9-9.4.0/debian/tmp-nvptx/usr,hsa --without-cuda-driver --enable-checking=release --build=x86_64-linux-gnu --host=x86_64-linux-gnu --target=x86_64-linux-gnu
Thread model: posix
gcc version 9.4.0 (Ubuntu 9.4.0-1ubuntu1~20.04.1) 
COLLECT_GCC_OPTIONS='-v' '-o' 'CMakeFiles/cmTC_01fdf.dir/CMakeCXXCompilerABI.cpp.o' '-c' '-shared-libgcc' '-mtune=generic' '-march=x86-64'
 /usr/lib/gcc/x86_64-linux-gnu/9/cc1plus -quiet -v -imultiarch x86_64-linux-gnu -D_GNU_SOURCE /usr/share/cmake-3.16/Modules/CMakeCXXCompilerABI.cpp -quiet -dumpbase CMakeCXXCompilerABI.cpp -mtune=generic -march=x86-64 -auxbase-strip CMakeFiles/cmTC_01fdf.dir/CMakeCXXCompilerABI.cpp.o -version -fasynchronous-unwind-tables -fstack-protector-strong -Wformat -Wformat-security -fstack-clash-protection -fcf-protection -o /tmp/cchkQVrd.s
GNU C++14 (Ubuntu 9.4.0-1ubuntu1~20.04.1) version 9.4.0 (x86_64-linux-gnu)
	compiled by GNU C version 9.4.0, GMP version 6.2.0, MPFR version 4.0.2, MPC version 1.1.0, isl version isl-0.22.1-GMP

GGC heuristics: --param ggc-min-expand=100 --param ggc-min-heapsize=131072
ignoring duplicate directory "/usr/include/x86_64-linux-gnu/c++/9"
ignoring nonexistent directory "/usr/local/include/x86_64-linux-gnu"
ignoring nonexistent directory "/usr/lib/gcc/x86_64-linux-gnu/9/include-fixed"
ignoring nonexistent directory "/usr/lib/gcc/x86_64-linux-gnu/9/../../../../x86_64-linux-gnu/include"
#include "..." search starts here:
#include <...> search starts here:
 /usr/include/c++/9
 /usr/include/x86_64-linux-gnu/c++/9
 /usr/include/c++/9/backward
 /usr/lib/gcc/x86_64-linux-gnu/9/include
 /usr/local/include
 /usr/include/x86_64-linux-gnu
 /usr/include
End of search list.
GNU C++14 (Ubuntu 9.4.0-1ubuntu1~20.04.1) version 9.4.0 (x86_64-linux-gnu)
	compiled by GNU C version 9.4.0, GMP version 6.2.0, MPFR version 4.0.2, MPC version 1.1.0, isl version isl-0.22.1-GMP

GGC heuristics: --param ggc-min-expand=100 --param ggc-min-heapsize=131072
Compiler executable checksum: 65fe925b83d3956b533de4aaba7dace0
COLLECT_GCC_OPTIONS='-v' '-o' 'CMakeFiles/cmTC_01fdf.dir/CMakeCXXCompilerABI.cpp.o' '-c' '-shared-libgcc' '-mtune=generic' '-march=x86-64'
 as -v --64 -o CMakeFiles/cmTC_01fdf.dir/CMakeCXXCompilerABI.cpp.o /tmp/cchkQVrd.s
GNU assembler version 2.34 (x86_64-linux-gnu) using BFD version (GNU Binutils for Ubuntu) 2.34
COMPILER_PATH=/usr/lib/gcc/x86_64-linux-gnu/9/:/usr/lib/gcc/x86_64-linux-gnu/9/:/usr/lib/gcc/x86_64-linux-gnu/:/usr/lib/gcc/x86_64-linux-gnu/9/:/usr/lib/gcc/x86_64-linux-gnu/
LIBRARY_PATH=/usr/lib/gcc/x86_64-linux-gnu/9/:/usr/lib/gcc/x86_64-linux-gnu/9/../../../x86_64-linux-gnu/:/usr/lib/gcc/x86_64-linux-gnu/9/../../../../lib/:/lib/x86_64-linux-gnu/:/lib/../lib/:/usr/lib/x86_64-linux-gnu/:/usr/lib/../lib/:/usr/lib/gcc/x86_64-linux-gnu/9/../../../:/lib/:/usr/lib/
COLLECT_GCC_OPTIONS='-v' '-o' 'CMakeFiles/cmTC_01fdf.dir/CMakeCXXCompilerABI.cpp.o' '-c' '-shared-libgcc' '-mtune=generic' '-march=x86-64'
Linking CXX executable cmTC_01fdf
/usr/bin/cmake -E cmake_link_script CMakeFiles/cmTC_01fdf.dir/link.txt --verbose=1
/usr/bin/g++      -v -rdynamic CMakeFiles/cmTC_01fdf.dir/CMakeCXXCompilerABI.cpp.o  -o cmTC_01fdf 
Using built-in specs.
COLLECT_GCC=/usr/bin/g++
COLLECT_LTO_WRAPPER=/usr/lib/gcc/x86_64-linux-gnu/9/lto-wrapper
OFFLOAD_TARGET_NAMES=nvptx-none:hsa
OFFLOAD_TARGET_DEFAULT=1
Target: x86_64-linux-gnu
Configured with: ../src/configure -v --with-pkgversion='Ubuntu 9.4.0-1ubuntu1~20.04.1' --with-bugurl=file:///usr/share/doc/gcc-9/README.Bugs --enable-languages=c,ada,c++,go,brig,d,fortran,objc,obj-c++,gm2 --prefix=/usr --with-gcc-major-version-only --program-suffix=-9 --program-prefix=x86_64-linux-gnu- --enable-shared --enable-linker-build-id --libexecdir=/usr/lib --without-included-gettext --enable-threads=posix --libdir=/usr/lib --enable-nls --enable-clocale=gnu --enable-libstdcxx-debug --enable-libstdcxx-time=yes --with-default-libstdcxx-abi=new --enable-gnu-unique-object --disable-vtable-verify --enable-plugin --enable-default-pie --with-system-zlib --with-target-system-zlib=auto --enable-objc-gc=auto --enable-multiarch --disable-werror --with-arch-32=i686 --with-abi=m64 --with-multilib-list=m32,m64,mx32 --enable-multilib --with-tune=generic --enable-offload-targets=nvptx-none=/build/gcc-9-Av3uEd/gcc-9-9.4.0/debian/tmp-nvptx/usr,hsa --without-cuda-driver --enable-checking=release --build=x86_64-linux-gnu --host=x86_64-linux-gnu --target=x86_64-linux-gnu
Thread model: posix
gcc version 9.4.0 (Ubuntu 9.4.0-1ubuntu1~20.04.1) 
COMPILER_PATH=/usr/lib/gcc/x86_64-linux-gnu/9/:/usr/lib/gcc/x86_64-linux-gnu/9/:/usr/lib/gcc/x86_64-linux-gnu/:/usr/lib/gcc/x86_64-linux-gnu/9/:/usr/lib/gcc/x86_64-linux-gnu/
LIBRARY_PATH=/usr/lib/gcc/x86_64-linux-gnu/9/:/usr/lib/gcc/x86_64-linux-gnu/9/../../../x86_64-linux-gnu/:/usr/lib/gcc/x86_64-linux-gnu/9/../../../../lib/:/lib/x86_64-linux-gnu/:/lib/../lib/:/usr/lib/x86_64-linux-gnu/:/usr/lib/../lib/:/usr/lib/gcc/x86_64-linux-gnu/9/../../../:/lib/:/usr/lib/
COLLECT_GCC_OPTIONS='-v' '-rdynamic' '-o' 'cmTC_01fdf' '-shared-libgcc' '-mtune=generic' '-march=x86-64'
 /usr/lib/gcc/x86_64-linux-gnu/9/collect2 -plugin /usr/lib/gcc/x86_64-linux-gnu/9/liblto_plugin.so -plugin-opt=/usr/lib/gcc/x86_64-linux-gnu/9/lto-wrapper -plugin-opt=-fresolution=/tmp/ccbe2thE.res -plugin-opt=-pass-through=-lgcc_s -plugin-opt=-pass-through=-lgcc -plugin-opt=-pass-through=-lc -plugin-opt=-pass-through=-lgcc_s -plugin-opt=-pass-through=-lgcc --build-id --eh-frame-hdr -m elf_x86_64 --hash-style=gnu --as-needed -export-dynamic -dynamic-linker /lib64/ld-linux-x86-64.so.2 -pie -z now -z relro -o cmTC_01fdf /usr/lib/gcc/x86_64-linux-gnu/9/../../../x86_64-linux-gnu/Scrt1.o /usr/lib/gcc/x86_64-linux-gnu/9/../../../x86_64-linux-gnu/crti.o /usr/lib/gcc/x86_64-linux-gnu/9/crtbeginS.o -L/usr/lib/gcc/x86_64-linux-gnu/9 -L/usr/lib/gcc/x86_64-linux-gnu/9/../../../x86_64-linux-gnu -L/usr/lib/gcc/x86_64-linux-gnu/9/../../../../lib -L/lib/x86_64-linux-gnu -L/lib/../lib -L/usr/lib/x86_64-linux-gnu -L/usr/lib/../lib -L/usr/lib/gcc/x86_64-linux-gnu/9/../../.. CMakeFiles/cmTC_01fdf.dir/CMakeCXXCompilerABI.cpp.o -lstdc++ -lm -lgcc_s -lgcc -lc -lgcc_s -lgcc /usr/lib/gcc/x86_64-linux-gnu/9/crtendS.o /usr/lib/gcc/x86_64-linux-gnu/9/../../../x86_64-linux-gnu/crtn.o
COLLECT_GCC_OPTIONS='-v' '-rdynamic' '-o' 'cmTC_01fdf' '-shared-libgcc' '-mtune=generic' '-march=x86-64'
make[1]: Leaving directory '/workspaces/server/build/CMakeFiles/CMakeTmp'



Parsed CXX implicit include dir info from above output: rv=done
  found start of include info
  found start of implicit include info
    add: [/usr/include/c++/9]
    add: [/usr/include/x86_64-linux-gnu/c++/9]
    add: [/usr/include/c++/9/backward]
    add: [/usr/lib/gcc/x86_64-linux-gnu/9/include]
    add: [/usr/local/include]
    add: [/usr/include/x86_64-linux-gnu]
    add: [/usr/include]
  end of search list found
  collapse include dir [/usr/include/c++/9] ==> [/usr/include/c++/9]
  collapse include dir [/usr/include/x86_64-linux-gnu/c++/9] ==> [/usr/include/x86_64-linux-gnu/c++/9]
  collapse include dir [/usr/include/c++/9/backward] ==> [/usr/include/c++/9/backward]
  collapse include dir [/usr/lib/gcc/x86_64-linux-gnu/9/include] ==> [/usr/lib/gcc/x86_64-linux-gnu/9/include]
  collapse include dir [/usr/local/include] ==> [/usr/local/include]
  collapse include dir [/usr/include/x86_64-linux-gnu] ==> [/usr/include/x86_64-linux-gnu]
  collapse include dir [/usr/include] ==> [/usr/include]
  implicit include dirs: [/usr/include/c++/9;/usr/include/x86_64-linux-gnu/c++/9;/usr/include/c++/9/backward;/usr/lib/gcc/x86_64-linux-gnu/9/include;/usr/local/include;/usr/include/x86_64-linux-gnu;/usr/include]


Parsed CXX implicit link information from above output:
  link line regex: [^( *|.*[/\])(ld|CMAKE_LINK_STARTFILE-NOTFOUND|([^/\]+-)?ld|collect2)[^/\]*( |$)]
  ignore line: [Change Dir: /workspaces/server/build/CMakeFiles/CMakeTmp]
  ignore line: []
  ignore line: [Run Build Command(s):/usr/bin/make cmTC_01fdf/fast && /usr/bin/make -f CMakeFiles/cmTC_01fdf.dir/build.make CMakeFiles/cmTC_01fdf.dir/build]
  ignore line: [make[1]: Entering directory '/workspaces/server/build/CMakeFiles/CMakeTmp']
  ignore line: [Building CXX object CMakeFiles/cmTC_01fdf.dir/CMakeCXXCompilerABI.cpp.o]
  ignore line: [/usr/bin/g++    -v -o CMakeFiles/cmTC_01fdf.dir/CMakeCXXCompilerABI.cpp.o -c /usr/share/cmake-3.16/Modules/CMakeCXXCompilerABI.cpp]
  ignore line: [Using built-in specs.]
  ignore line: [COLLECT_GCC=/usr/bin/g++]
  ignore line: [OFFLOAD_TARGET_NAMES=nvptx-none:hsa]
  ignore line: [OFFLOAD_TARGET_DEFAULT=1]
  ignore line: [Target: x86_64-linux-gnu]
  ignore line: [Configured with: ../src/configure -v --with-pkgversion='Ubuntu 9.4.0-1ubuntu1~20.04.1' --with-bugurl=file:///usr/share/doc/gcc-9/README.Bugs --enable-languages=c ada c++ go brig d fortran objc obj-c++ gm2 --prefix=/usr --with-gcc-major-version-only --program-suffix=-9 --program-prefix=x86_64-linux-gnu- --enable-shared --enable-linker-build-id --libexecdir=/usr/lib --without-included-gettext --enable-threads=posix --libdir=/usr/lib --enable-nls --enable-clocale=gnu --enable-libstdcxx-debug --enable-libstdcxx-time=yes --with-default-libstdcxx-abi=new --enable-gnu-unique-object --disable-vtable-verify --enable-plugin --enable-default-pie --with-system-zlib --with-target-system-zlib=auto --enable-objc-gc=auto --enable-multiarch --disable-werror --with-arch-32=i686 --with-abi=m64 --with-multilib-list=m32 m64 mx32 --enable-multilib --with-tune=generic --enable-offload-targets=nvptx-none=/build/gcc-9-Av3uEd/gcc-9-9.4.0/debian/tmp-nvptx/usr hsa --without-cuda-driver --enable-checking=release --build=x86_64-linux-gnu --host=x86_64-linux-gnu --target=x86_64-linux-gnu]
  ignore line: [Thread model: posix]
  ignore line: [gcc version 9.4.0 (Ubuntu 9.4.0-1ubuntu1~20.04.1) ]
  ignore line: [COLLECT_GCC_OPTIONS='-v' '-o' 'CMakeFiles/cmTC_01fdf.dir/CMakeCXXCompilerABI.cpp.o' '-c' '-shared-libgcc' '-mtune=generic' '-march=x86-64']
  ignore line: [ /usr/lib/gcc/x86_64-linux-gnu/9/cc1plus -quiet -v -imultiarch x86_64-linux-gnu -D_GNU_SOURCE /usr/share/cmake-3.16/Modules/CMakeCXXCompilerABI.cpp -quiet -dumpbase CMakeCXXCompilerABI.cpp -mtune=generic -march=x86-64 -auxbase-strip CMakeFiles/cmTC_01fdf.dir/CMakeCXXCompilerABI.cpp.o -version -fasynchronous-unwind-tables -fstack-protector-strong -Wformat -Wformat-security -fstack-clash-protection -fcf-protection -o /tmp/cchkQVrd.s]
  ignore line: [GNU C++14 (Ubuntu 9.4.0-1ubuntu1~20.04.1) version 9.4.0 (x86_64-linux-gnu)]
  ignore line: [	compiled by GNU C version 9.4.0  GMP version 6.2.0  MPFR version 4.0.2  MPC version 1.1.0  isl version isl-0.22.1-GMP]
  ignore line: []
  ignore line: [GGC heuristics: --param ggc-min-expand=100 --param ggc-min-heapsize=131072]
  ignore line: [ignoring duplicate directory "/usr/include/x86_64-linux-gnu/c++/9"]
  ignore line: [ignoring nonexistent directory "/usr/local/include/x86_64-linux-gnu"]
  ignore line: [ignoring nonexistent directory "/usr/lib/gcc/x86_64-linux-gnu/9/include-fixed"]
  ignore line: [ignoring nonexistent directory "/usr/lib/gcc/x86_64-linux-gnu/9/../../../../x86_64-linux-gnu/include"]
  ignore line: [#include "..." search starts here:]
  ignore line: [#include <...> search starts here:]
  ignore line: [ /usr/include/c++/9]
  ignore line: [ /usr/include/x86_64-linux-gnu/c++/9]
  ignore line: [ /usr/include/c++/9/backward]
  ignore line: [ /usr/lib/gcc/x86_64-linux-gnu/9/include]
  ignore line: [ /usr/local/include]
  ignore line: [ /usr/include/x86_64-linux-gnu]
  ignore line: [ /usr/include]
  ignore line: [End of search list.]
  ignore line: [GNU C++14 (Ubuntu 9.4.0-1ubuntu1~20.04.1) version 9.4.0 (x86_64-linux-gnu)]
  ignore line: [	compiled by GNU C version 9.4.0  GMP version 6.2.0  MPFR version 4.0.2  MPC version 1.1.0  isl version isl-0.22.1-GMP]
  ignore line: []
  ignore line: [GGC heuristics: --param ggc-min-expand=100 --param ggc-min-heapsize=131072]
  ignore line: [Compiler executable checksum: 65fe925b83d3956b533de4aaba7dace0]
  ignore line: [COLLECT_GCC_OPTIONS='-v' '-o' 'CMakeFiles/cmTC_01fdf.dir/CMakeCXXCompilerABI.cpp.o' '-c' '-shared-libgcc' '-mtune=generic' '-march=x86-64']
  ignore line: [ as -v --64 -o CMakeFiles/cmTC_01fdf.dir/CMakeCXXCompilerABI.cpp.o /tmp/cchkQVrd.s]
  ignore line: [GNU assembler version 2.34 (x86_64-linux-gnu) using BFD version (GNU Binutils for Ubuntu) 2.34]
  ignore line: [COMPILER_PATH=/usr/lib/gcc/x86_64-linux-gnu/9/:/usr/lib/gcc/x86_64-linux-gnu/9/:/usr/lib/gcc/x86_64-linux-gnu/:/usr/lib/gcc/x86_64-linux-gnu/9/:/usr/lib/gcc/x86_64-linux-gnu/]
  ignore line: [LIBRARY_PATH=/usr/lib/gcc/x86_64-linux-gnu/9/:/usr/lib/gcc/x86_64-linux-gnu/9/../../../x86_64-linux-gnu/:/usr/lib/gcc/x86_64-linux-gnu/9/../../../../lib/:/lib/x86_64-linux-gnu/:/lib/../lib/:/usr/lib/x86_64-linux-gnu/:/usr/lib/../lib/:/usr/lib/gcc/x86_64-linux-gnu/9/../../../:/lib/:/usr/lib/]
  ignore line: [COLLECT_GCC_OPTIONS='-v' '-o' 'CMakeFiles/cmTC_01fdf.dir/CMakeCXXCompilerABI.cpp.o' '-c' '-shared-libgcc' '-mtune=generic' '-march=x86-64']
  ignore line: [Linking CXX executable cmTC_01fdf]
  ignore line: [/usr/bin/cmake -E cmake_link_script CMakeFiles/cmTC_01fdf.dir/link.txt --verbose=1]
  ignore line: [/usr/bin/g++      -v -rdynamic CMakeFiles/cmTC_01fdf.dir/CMakeCXXCompilerABI.cpp.o  -o cmTC_01fdf ]
  ignore line: [Using built-in specs.]
  ignore line: [COLLECT_GCC=/usr/bin/g++]
  ignore line: [COLLECT_LTO_WRAPPER=/usr/lib/gcc/x86_64-linux-gnu/9/lto-wrapper]
  ignore line: [OFFLOAD_TARGET_NAMES=nvptx-none:hsa]
  ignore line: [OFFLOAD_TARGET_DEFAULT=1]
  ignore line: [Target: x86_64-linux-gnu]
  ignore line: [Configured with: ../src/configure -v --with-pkgversion='Ubuntu 9.4.0-1ubuntu1~20.04.1' --with-bugurl=file:///usr/share/doc/gcc-9/README.Bugs --enable-languages=c ada c++ go brig d fortran objc obj-c++ gm2 --prefix=/usr --with-gcc-major-version-only --program-suffix=-9 --program-prefix=x86_64-linux-gnu- --enable-shared --enable-linker-build-id --libexecdir=/usr/lib --without-included-gettext --enable-threads=posix --libdir=/usr/lib --enable-nls --enable-clocale=gnu --enable-libstdcxx-debug --enable-libstdcxx-time=yes --with-default-libstdcxx-abi=new --enable-gnu-unique-object --disable-vtable-verify --enable-plugin --enable-default-pie --with-system-zlib --with-target-system-zlib=auto --enable-objc-gc=auto --enable-multiarch --disable-werror --with-arch-32=i686 --with-abi=m64 --with-multilib-list=m32 m64 mx32 --enable-multilib --with-tune=generic --enable-offload-targets=nvptx-none=/build/gcc-9-Av3uEd/gcc-9-9.4.0/debian/tmp-nvptx/usr hsa --without-cuda-driver --enable-checking=release --build=x86_64-linux-gnu --host=x86_64-linux-gnu --target=x86_64-linux-gnu]
  ignore line: [Thread model: posix]
  ignore line: [gcc version 9.4.0 (Ubuntu 9.4.0-1ubuntu1~20.04.1) ]
  ignore line: [COMPILER_PATH=/usr/lib/gcc/x86_64-linux-gnu/9/:/usr/lib/gcc/x86_64-linux-gnu/9/:/usr/lib/gcc/x86_64-linux-gnu/:/usr/lib/gcc/x86_64-linux-gnu/9/:/usr/lib/gcc/x86_64-linux-gnu/]
  ignore line: [LIBRARY_PATH=/usr/lib/gcc/x86_64-linux-gnu/9/:/usr/lib/gcc/x86_64-linux-gnu/9/../../../x86_64-linux-gnu/:/usr/lib/gcc/x86_64-linux-gnu/9/../../../../lib/:/lib/x86_64-linux-gnu/:/lib/../lib/:/usr/lib/x86_64-linux-gnu/:/usr/lib/../lib/:/usr/lib/gcc/x86_64-linux-gnu/9/../../../:/lib/:/usr/lib/]
  ignore line: [COLLECT_GCC_OPTIONS='-v' '-rdynamic' '-o' 'cmTC_01fdf' '-shared-libgcc' '-mtune=generic' '-march=x86-64']
  link line: [ /usr/lib/gcc/x86_64-linux-gnu/9/collect2 -plugin /usr/lib/gcc/x86_64-linux-gnu/9/liblto_plugin.so -plugin-opt=/usr/lib/gcc/x86_64-linux-gnu/9/lto-wrapper -plugin-opt=-fresolution=/tmp/ccbe2thE.res -plugin-opt=-pass-through=-lgcc_s -plugin-opt=-pass-through=-lgcc -plugin-opt=-pass-through=-lc -plugin-opt=-pass-through=-lgcc_s -plugin-opt=-pass-through=-lgcc --build-id --eh-frame-hdr -m elf_x86_64 --hash-style=gnu --as-needed -export-dynamic -dynamic-linker /lib64/ld-linux-x86-64.so.2 -pie -z now -z relro -o cmTC_01fdf /usr/lib/gcc/x86_64-linux-gnu/9/../../../x86_64-linux-gnu/Scrt1.o /usr/lib/gcc/x86_64-linux-gnu/9/../../../x86_64-linux-gnu/crti.o /usr/lib/gcc/x86_64-linux-gnu/9/crtbeginS.o -L/usr/lib/gcc/x86_64-linux-gnu/9 -L/usr/lib/gcc/x86_64-linux-gnu/9/../../../x86_64-linux-gnu -L/usr/lib/gcc/x86_64-linux-gnu/9/../../../../lib -L/lib/x86_64-linux-gnu -L/lib/../lib -L/usr/lib/x86_64-linux-gnu -L/usr/lib/../lib -L/usr/lib/gcc/x86_64-linux-gnu/9/../../.. CMakeFiles/cmTC_01fdf.dir/CMakeCXXCompilerABI.cpp.o -lstdc++ -lm -lgcc_s -lgcc -lc -lgcc_s -lgcc /usr/lib/gcc/x86_64-linux-gnu/9/crtendS.o /usr/lib/gcc/x86_64-linux-gnu/9/../../../x86_64-linux-gnu/crtn.o]
    arg [/usr/lib/gcc/x86_64-linux-gnu/9/collect2] ==> ignore
    arg [-plugin] ==> ignore
    arg [/usr/lib/gcc/x86_64-linux-gnu/9/liblto_plugin.so] ==> ignore
    arg [-plugin-opt=/usr/lib/gcc/x86_64-linux-gnu/9/lto-wrapper] ==> ignore
    arg [-plugin-opt=-fresolution=/tmp/ccbe2thE.res] ==> ignore
    arg [-plugin-opt=-pass-through=-lgcc_s] ==> ignore
    arg [-plugin-opt=-pass-through=-lgcc] ==> ignore
    arg [-plugin-opt=-pass-through=-lc] ==> ignore
    arg [-plugin-opt=-pass-through=-lgcc_s] ==> ignore
    arg [-plugin-opt=-pass-through=-lgcc] ==> ignore
    arg [--build-id] ==> ignore
    arg [--eh-frame-hdr] ==> ignore
    arg [-m] ==> ignore
    arg [elf_x86_64] ==> ignore
    arg [--hash-style=gnu] ==> ignore
    arg [--as-needed] ==> ignore
    arg [-export-dynamic] ==> ignore
    arg [-dynamic-linker] ==> ignore
    arg [/lib64/ld-linux-x86-64.so.2] ==> ignore
    arg [-pie] ==> ignore
    arg [-znow] ==> ignore
    arg [-zrelro] ==> ignore
    arg [-o] ==> ignore
    arg [cmTC_01fdf] ==> ignore
    arg [/usr/lib/gcc/x86_64-linux-gnu/9/../../../x86_64-linux-gnu/Scrt1.o] ==> ignore
    arg [/usr/lib/gcc/x86_64-linux-gnu/9/../../../x86_64-linux-gnu/crti.o] ==> ignore
    arg [/usr/lib/gcc/x86_64-linux-gnu/9/crtbeginS.o] ==> ignore
    arg [-L/usr/lib/gcc/x86_64-linux-gnu/9] ==> dir [/usr/lib/gcc/x86_64-linux-gnu/9]
    arg [-L/usr/lib/gcc/x86_64-linux-gnu/9/../../../x86_64-linux-gnu] ==> dir [/usr/lib/gcc/x86_64-linux-gnu/9/../../../x86_64-linux-gnu]
    arg [-L/usr/lib/gcc/x86_64-linux-gnu/9/../../../../lib] ==> dir [/usr/lib/gcc/x86_64-linux-gnu/9/../../../../lib]
    arg [-L/lib/x86_64-linux-gnu] ==> dir [/lib/x86_64-linux-gnu]
    arg [-L/lib/../lib] ==> dir [/lib/../lib]
    arg [-L/usr/lib/x86_64-linux-gnu] ==> dir [/usr/lib/x86_64-linux-gnu]
    arg [-L/usr/lib/../lib] ==> dir [/usr/lib/../lib]
    arg [-L/usr/lib/gcc/x86_64-linux-gnu/9/../../..] ==> dir [/usr/lib/gcc/x86_64-linux-gnu/9/../../..]
    arg [CMakeFiles/cmTC_01fdf.dir/CMakeCXXCompilerABI.cpp.o] ==> ignore
    arg [-lstdc++] ==> lib [stdc++]
    arg [-lm] ==> lib [m]
    arg [-lgcc_s] ==> lib [gcc_s]
    arg [-lgcc] ==> lib [gcc]
    arg [-lc] ==> lib [c]
    arg [-lgcc_s] ==> lib [gcc_s]
    arg [-lgcc] ==> lib [gcc]
    arg [/usr/lib/gcc/x86_64-linux-gnu/9/crtendS.o] ==> ignore
    arg [/usr/lib/gcc/x86_64-linux-gnu/9/../../../x86_64-linux-gnu/crtn.o] ==> ignore
  collapse library dir [/usr/lib/gcc/x86_64-linux-gnu/9] ==> [/usr/lib/gcc/x86_64-linux-gnu/9]
  collapse library dir [/usr/lib/gcc/x86_64-linux-gnu/9/../../../x86_64-linux-gnu] ==> [/usr/lib/x86_64-linux-gnu]
  collapse library dir [/usr/lib/gcc/x86_64-linux-gnu/9/../../../../lib] ==> [/usr/lib]
  collapse library dir [/lib/x86_64-linux-gnu] ==> [/lib/x86_64-linux-gnu]
  collapse library dir [/lib/../lib] ==> [/lib]
  collapse library dir [/usr/lib/x86_64-linux-gnu] ==> [/usr/lib/x86_64-linux-gnu]
  collapse library dir [/usr/lib/../lib] ==> [/usr/lib]
  collapse library dir [/usr/lib/gcc/x86_64-linux-gnu/9/../../..] ==> [/usr/lib]
  implicit libs: [stdc++;m;gcc_s;gcc;c;gcc_s;gcc]
  implicit dirs: [/usr/lib/gcc/x86_64-linux-gnu/9;/usr/lib/x86_64-linux-gnu;/usr/lib;/lib/x86_64-linux-gnu;/lib]
  implicit fwks: []


Performing C++ SOURCE FILE Test has_std_14_flag succeeded with the following output:
Change Dir: /workspaces/server/build/CMakeFiles/CMakeTmp

Run Build Command(s):/usr/bin/make cmTC_3677f/fast && /usr/bin/make -f CMakeFiles/cmTC_3677f.dir/build.make CMakeFiles/cmTC_3677f.dir/build
make[1]: Entering directory '/workspaces/server/build/CMakeFiles/CMakeTmp'
Building CXX object CMakeFiles/cmTC_3677f.dir/src.cxx.o
/usr/bin/g++    -Dhas_std_14_flag   -std=c++14 -std=c++14 -o CMakeFiles/cmTC_3677f.dir/src.cxx.o -c /workspaces/server/build/CMakeFiles/CMakeTmp/src.cxx
Linking CXX executable cmTC_3677f
/usr/bin/cmake -E cmake_link_script CMakeFiles/cmTC_3677f.dir/link.txt --verbose=1
/usr/bin/g++   -Dhas_std_14_flag    CMakeFiles/cmTC_3677f.dir/src.cxx.o  -o cmTC_3677f 
make[1]: Leaving directory '/workspaces/server/build/CMakeFiles/CMakeTmp'


Source file was:
int main() { return 0; }
Performing C++ SOURCE FILE Test has_std_1y_flag succeeded with the following output:
Change Dir: /workspaces/server/build/CMakeFiles/CMakeTmp

Run Build Command(s):/usr/bin/make cmTC_1a905/fast && /usr/bin/make -f CMakeFiles/cmTC_1a905.dir/build.make CMakeFiles/cmTC_1a905.dir/build
make[1]: Entering directory '/workspaces/server/build/CMakeFiles/CMakeTmp'
Building CXX object CMakeFiles/cmTC_1a905.dir/src.cxx.o
/usr/bin/g++    -Dhas_std_1y_flag   -std=c++1y -std=c++14 -o CMakeFiles/cmTC_1a905.dir/src.cxx.o -c /workspaces/server/build/CMakeFiles/CMakeTmp/src.cxx
Linking CXX executable cmTC_1a905
/usr/bin/cmake -E cmake_link_script CMakeFiles/cmTC_1a905.dir/link.txt --verbose=1
/usr/bin/g++   -Dhas_std_1y_flag    CMakeFiles/cmTC_1a905.dir/src.cxx.o  -o cmTC_1a905 
make[1]: Leaving directory '/workspaces/server/build/CMakeFiles/CMakeTmp'


Source file was:
int main() { return 0; }
Performing C++ SOURCE FILE Test SUPPORTS_VARIADIC_TEMPLATES succeeded with the following output:
Change Dir: /workspaces/server/build/CMakeFiles/CMakeTmp

Run Build Command(s):/usr/bin/make cmTC_02a0c/fast && /usr/bin/make -f CMakeFiles/cmTC_02a0c.dir/build.make CMakeFiles/cmTC_02a0c.dir/build
make[1]: Entering directory '/workspaces/server/build/CMakeFiles/CMakeTmp'
Building CXX object CMakeFiles/cmTC_02a0c.dir/src.cxx.o
/usr/bin/g++    -DSUPPORTS_VARIADIC_TEMPLATES -std=c++14   -std=c++14 -o CMakeFiles/cmTC_02a0c.dir/src.cxx.o -c /workspaces/server/build/CMakeFiles/CMakeTmp/src.cxx
Linking CXX executable cmTC_02a0c
/usr/bin/cmake -E cmake_link_script CMakeFiles/cmTC_02a0c.dir/link.txt --verbose=1
/usr/bin/g++   -DSUPPORTS_VARIADIC_TEMPLATES -std=c++14    CMakeFiles/cmTC_02a0c.dir/src.cxx.o  -o cmTC_02a0c 
make[1]: Leaving directory '/workspaces/server/build/CMakeFiles/CMakeTmp'


Source file was:

  template <class T, class ...Types>
  struct S { typedef typename S<Types...>::type type; };
  int main() {}
Performing C++ SOURCE FILE Test SUPPORTS_INITIALIZER_LIST succeeded with the following output:
Change Dir: /workspaces/server/build/CMakeFiles/CMakeTmp

Run Build Command(s):/usr/bin/make cmTC_8a36c/fast && /usr/bin/make -f CMakeFiles/cmTC_8a36c.dir/build.make CMakeFiles/cmTC_8a36c.dir/build
make[1]: Entering directory '/workspaces/server/build/CMakeFiles/CMakeTmp'
Building CXX object CMakeFiles/cmTC_8a36c.dir/src.cxx.o
/usr/bin/g++    -DSUPPORTS_INITIALIZER_LIST -std=c++14   -std=c++14 -o CMakeFiles/cmTC_8a36c.dir/src.cxx.o -c /workspaces/server/build/CMakeFiles/CMakeTmp/src.cxx
Linking CXX executable cmTC_8a36c
/usr/bin/cmake -E cmake_link_script CMakeFiles/cmTC_8a36c.dir/link.txt --verbose=1
/usr/bin/g++   -DSUPPORTS_INITIALIZER_LIST -std=c++14    CMakeFiles/cmTC_8a36c.dir/src.cxx.o  -o cmTC_8a36c 
make[1]: Leaving directory '/workspaces/server/build/CMakeFiles/CMakeTmp'


Source file was:

  #include <initializer_list>
  int main() {}
Performing C++ SOURCE FILE Test SUPPORTS_ENUM_BASE succeeded with the following output:
Change Dir: /workspaces/server/build/CMakeFiles/CMakeTmp

Run Build Command(s):/usr/bin/make cmTC_ea412/fast && /usr/bin/make -f CMakeFiles/cmTC_ea412.dir/build.make CMakeFiles/cmTC_ea412.dir/build
make[1]: Entering directory '/workspaces/server/build/CMakeFiles/CMakeTmp'
Building CXX object CMakeFiles/cmTC_ea412.dir/src.cxx.o
/usr/bin/g++    -DSUPPORTS_ENUM_BASE -std=c++14   -std=c++14 -o CMakeFiles/cmTC_ea412.dir/src.cxx.o -c /workspaces/server/build/CMakeFiles/CMakeTmp/src.cxx
Linking CXX executable cmTC_ea412
/usr/bin/cmake -E cmake_link_script CMakeFiles/cmTC_ea412.dir/link.txt --verbose=1
/usr/bin/g++   -DSUPPORTS_ENUM_BASE -std=c++14    CMakeFiles/cmTC_ea412.dir/src.cxx.o  -o cmTC_ea412 
make[1]: Leaving directory '/workspaces/server/build/CMakeFiles/CMakeTmp'


Source file was:

  enum C : char {A};
  int main() {}
Performing C++ SOURCE FILE Test SUPPORTS_TYPE_TRAITS succeeded with the following output:
Change Dir: /workspaces/server/build/CMakeFiles/CMakeTmp

Run Build Command(s):/usr/bin/make cmTC_b1d32/fast && /usr/bin/make -f CMakeFiles/cmTC_b1d32.dir/build.make CMakeFiles/cmTC_b1d32.dir/build
make[1]: Entering directory '/workspaces/server/build/CMakeFiles/CMakeTmp'
Building CXX object CMakeFiles/cmTC_b1d32.dir/src.cxx.o
/usr/bin/g++    -DSUPPORTS_TYPE_TRAITS -std=c++14   -std=c++14 -o CMakeFiles/cmTC_b1d32.dir/src.cxx.o -c /workspaces/server/build/CMakeFiles/CMakeTmp/src.cxx
Linking CXX executable cmTC_b1d32
/usr/bin/cmake -E cmake_link_script CMakeFiles/cmTC_b1d32.dir/link.txt --verbose=1
/usr/bin/g++   -DSUPPORTS_TYPE_TRAITS -std=c++14    CMakeFiles/cmTC_b1d32.dir/src.cxx.o  -o cmTC_b1d32 
make[1]: Leaving directory '/workspaces/server/build/CMakeFiles/CMakeTmp'


Source file was:

  #include <type_traits>
  class C { void operator=(const C&); };
  int main() { static_assert(!std::is_copy_assignable<C>::value, ""); }
Performing C++ SOURCE FILE Test SUPPORTS_USER_DEFINED_LITERALS succeeded with the following output:
Change Dir: /workspaces/server/build/CMakeFiles/CMakeTmp

Run Build Command(s):/usr/bin/make cmTC_469f1/fast && /usr/bin/make -f CMakeFiles/cmTC_469f1.dir/build.make CMakeFiles/cmTC_469f1.dir/build
make[1]: Entering directory '/workspaces/server/build/CMakeFiles/CMakeTmp'
Building CXX object CMakeFiles/cmTC_469f1.dir/src.cxx.o
/usr/bin/g++    -DSUPPORTS_USER_DEFINED_LITERALS -std=c++14   -std=c++14 -o CMakeFiles/cmTC_469f1.dir/src.cxx.o -c /workspaces/server/build/CMakeFiles/CMakeTmp/src.cxx
Linking CXX executable cmTC_469f1
/usr/bin/cmake -E cmake_link_script CMakeFiles/cmTC_469f1.dir/link.txt --verbose=1
/usr/bin/g++   -DSUPPORTS_USER_DEFINED_LITERALS -std=c++14    CMakeFiles/cmTC_469f1.dir/src.cxx.o  -o cmTC_469f1 
make[1]: Leaving directory '/workspaces/server/build/CMakeFiles/CMakeTmp'


Source file was:

  void operator"" _udl(long double);
  int main() {}
Determining if the open exist passed with the following output:
Change Dir: /workspaces/server/build/CMakeFiles/CMakeTmp

Run Build Command(s):/usr/bin/make cmTC_b77c0/fast && /usr/bin/make -f CMakeFiles/cmTC_b77c0.dir/build.make CMakeFiles/cmTC_b77c0.dir/build
make[1]: Entering directory '/workspaces/server/build/CMakeFiles/CMakeTmp'
Building C object CMakeFiles/cmTC_b77c0.dir/CheckSymbolExists.c.o
/usr/bin/gcc    -o CMakeFiles/cmTC_b77c0.dir/CheckSymbolExists.c.o   -c /workspaces/server/build/CMakeFiles/CMakeTmp/CheckSymbolExists.c
Linking C executable cmTC_b77c0
/usr/bin/cmake -E cmake_link_script CMakeFiles/cmTC_b77c0.dir/link.txt --verbose=1
/usr/bin/gcc      CMakeFiles/cmTC_b77c0.dir/CheckSymbolExists.c.o  -o cmTC_b77c0 
make[1]: Leaving directory '/workspaces/server/build/CMakeFiles/CMakeTmp'


File /workspaces/server/build/CMakeFiles/CMakeTmp/CheckSymbolExists.c:
/* */
#include <fcntl.h>

int main(int argc, char** argv)
{
  (void)argv;
#ifndef open
  return ((int*)(&open))[argc];
#else
  (void)argc;
  return 0;
#endif
}
Determining if the include file sys/types.h exists passed with the following output:
Change Dir: /workspaces/server/build/CMakeFiles/CMakeTmp

Run Build Command(s):/usr/bin/make cmTC_bba3b/fast && /usr/bin/make -f CMakeFiles/cmTC_bba3b.dir/build.make CMakeFiles/cmTC_bba3b.dir/build
make[1]: Entering directory '/workspaces/server/build/CMakeFiles/CMakeTmp'
Building C object CMakeFiles/cmTC_bba3b.dir/CheckIncludeFile.c.o
/usr/bin/gcc   -Wall -Wno-implicit-fallthrough    -std=c99 -o CMakeFiles/cmTC_bba3b.dir/CheckIncludeFile.c.o   -c /workspaces/server/build/CMakeFiles/CMakeTmp/CheckIncludeFile.c
Linking C executable cmTC_bba3b
/usr/bin/cmake -E cmake_link_script CMakeFiles/cmTC_bba3b.dir/link.txt --verbose=1
/usr/bin/gcc  -Wall -Wno-implicit-fallthrough     CMakeFiles/cmTC_bba3b.dir/CheckIncludeFile.c.o  -o cmTC_bba3b 
make[1]: Leaving directory '/workspaces/server/build/CMakeFiles/CMakeTmp'



Determining if the include file stdarg.h exists passed with the following output:
Change Dir: /workspaces/server/build/CMakeFiles/CMakeTmp

Run Build Command(s):/usr/bin/make cmTC_9b438/fast && /usr/bin/make -f CMakeFiles/cmTC_9b438.dir/build.make CMakeFiles/cmTC_9b438.dir/build
make[1]: Entering directory '/workspaces/server/build/CMakeFiles/CMakeTmp'
Building C object CMakeFiles/cmTC_9b438.dir/CheckIncludeFile.c.o
/usr/bin/gcc   -Wall -Wno-implicit-fallthrough    -std=c99 -o CMakeFiles/cmTC_9b438.dir/CheckIncludeFile.c.o   -c /workspaces/server/build/CMakeFiles/CMakeTmp/CheckIncludeFile.c
Linking C executable cmTC_9b438
/usr/bin/cmake -E cmake_link_script CMakeFiles/cmTC_9b438.dir/link.txt --verbose=1
/usr/bin/gcc  -Wall -Wno-implicit-fallthrough     CMakeFiles/cmTC_9b438.dir/CheckIncludeFile.c.o  -o cmTC_9b438 
make[1]: Leaving directory '/workspaces/server/build/CMakeFiles/CMakeTmp'



Determining if the include file stdint.h exists passed with the following output:
Change Dir: /workspaces/server/build/CMakeFiles/CMakeTmp

Run Build Command(s):/usr/bin/make cmTC_376bd/fast && /usr/bin/make -f CMakeFiles/cmTC_376bd.dir/build.make CMakeFiles/cmTC_376bd.dir/build
make[1]: Entering directory '/workspaces/server/build/CMakeFiles/CMakeTmp'
Building C object CMakeFiles/cmTC_376bd.dir/CheckIncludeFile.c.o
/usr/bin/gcc   -Wall -Wno-implicit-fallthrough    -std=c99 -o CMakeFiles/cmTC_376bd.dir/CheckIncludeFile.c.o   -c /workspaces/server/build/CMakeFiles/CMakeTmp/CheckIncludeFile.c
Linking C executable cmTC_376bd
/usr/bin/cmake -E cmake_link_script CMakeFiles/cmTC_376bd.dir/link.txt --verbose=1
/usr/bin/gcc  -Wall -Wno-implicit-fallthrough     CMakeFiles/cmTC_376bd.dir/CheckIncludeFile.c.o  -o cmTC_376bd 
make[1]: Leaving directory '/workspaces/server/build/CMakeFiles/CMakeTmp'



Determining if the include file stddef.h exists passed with the following output:
Change Dir: /workspaces/server/build/CMakeFiles/CMakeTmp

Run Build Command(s):/usr/bin/make cmTC_78798/fast && /usr/bin/make -f CMakeFiles/cmTC_78798.dir/build.make CMakeFiles/cmTC_78798.dir/build
make[1]: Entering directory '/workspaces/server/build/CMakeFiles/CMakeTmp'
Building C object CMakeFiles/cmTC_78798.dir/CheckIncludeFile.c.o
/usr/bin/gcc   -Wall -Wno-implicit-fallthrough    -std=c99 -o CMakeFiles/cmTC_78798.dir/CheckIncludeFile.c.o   -c /workspaces/server/build/CMakeFiles/CMakeTmp/CheckIncludeFile.c
Linking C executable cmTC_78798
/usr/bin/cmake -E cmake_link_script CMakeFiles/cmTC_78798.dir/link.txt --verbose=1
/usr/bin/gcc  -Wall -Wno-implicit-fallthrough     CMakeFiles/cmTC_78798.dir/CheckIncludeFile.c.o  -o cmTC_78798 
make[1]: Leaving directory '/workspaces/server/build/CMakeFiles/CMakeTmp'



Determining if the include file unistd.h exists passed with the following output:
Change Dir: /workspaces/server/build/CMakeFiles/CMakeTmp

Run Build Command(s):/usr/bin/make cmTC_57e15/fast && /usr/bin/make -f CMakeFiles/cmTC_57e15.dir/build.make CMakeFiles/cmTC_57e15.dir/build
make[1]: Entering directory '/workspaces/server/build/CMakeFiles/CMakeTmp'
Building C object CMakeFiles/cmTC_57e15.dir/CheckIncludeFile.c.o
/usr/bin/gcc   -Wall -Wno-implicit-fallthrough    -std=c99 -o CMakeFiles/cmTC_57e15.dir/CheckIncludeFile.c.o   -c /workspaces/server/build/CMakeFiles/CMakeTmp/CheckIncludeFile.c
Linking C executable cmTC_57e15
/usr/bin/cmake -E cmake_link_script CMakeFiles/cmTC_57e15.dir/link.txt --verbose=1
/usr/bin/gcc  -Wall -Wno-implicit-fallthrough     CMakeFiles/cmTC_57e15.dir/CheckIncludeFile.c.o  -o cmTC_57e15 
make[1]: Leaving directory '/workspaces/server/build/CMakeFiles/CMakeTmp'



Determining size of off64_t passed with the following output:
Change Dir: /workspaces/server/build/CMakeFiles/CMakeTmp

Run Build Command(s):/usr/bin/make cmTC_c2a7e/fast && /usr/bin/make -f CMakeFiles/cmTC_c2a7e.dir/build.make CMakeFiles/cmTC_c2a7e.dir/build
make[1]: Entering directory '/workspaces/server/build/CMakeFiles/CMakeTmp'
Building C object CMakeFiles/cmTC_c2a7e.dir/OFF64_T.c.o
/usr/bin/gcc -D_LARGEFILE64_SOURCE=1 -D__USE_LARGEFILE64  -Wall -Wno-implicit-fallthrough    -std=c99 -o CMakeFiles/cmTC_c2a7e.dir/OFF64_T.c.o   -c /workspaces/server/build/CMakeFiles/CheckTypeSize/OFF64_T.c
Linking C executable cmTC_c2a7e
/usr/bin/cmake -E cmake_link_script CMakeFiles/cmTC_c2a7e.dir/link.txt --verbose=1
/usr/bin/gcc  -Wall -Wno-implicit-fallthrough     CMakeFiles/cmTC_c2a7e.dir/OFF64_T.c.o  -o cmTC_c2a7e 
make[1]: Leaving directory '/workspaces/server/build/CMakeFiles/CMakeTmp'



Determining if the function fseeko exists passed with the following output:
Change Dir: /workspaces/server/build/CMakeFiles/CMakeTmp

Run Build Command(s):/usr/bin/make cmTC_c5bab/fast && /usr/bin/make -f CMakeFiles/cmTC_c5bab.dir/build.make CMakeFiles/cmTC_c5bab.dir/build
make[1]: Entering directory '/workspaces/server/build/CMakeFiles/CMakeTmp'
Building C object CMakeFiles/cmTC_c5bab.dir/CheckFunctionExists.c.o
/usr/bin/gcc   -Wall -Wno-implicit-fallthrough -DCHECK_FUNCTION_EXISTS=fseeko   -std=c99 -o CMakeFiles/cmTC_c5bab.dir/CheckFunctionExists.c.o   -c /usr/share/cmake-3.16/Modules/CheckFunctionExists.c
Linking C executable cmTC_c5bab
/usr/bin/cmake -E cmake_link_script CMakeFiles/cmTC_c5bab.dir/link.txt --verbose=1
/usr/bin/gcc  -Wall -Wno-implicit-fallthrough -DCHECK_FUNCTION_EXISTS=fseeko    CMakeFiles/cmTC_c5bab.dir/CheckFunctionExists.c.o  -o cmTC_c5bab 
make[1]: Leaving directory '/workspaces/server/build/CMakeFiles/CMakeTmp'



Determining if the function strerror exists passed with the following output:
Change Dir: /workspaces/server/build/CMakeFiles/CMakeTmp

Run Build Command(s):/usr/bin/make cmTC_d5c37/fast && /usr/bin/make -f CMakeFiles/cmTC_d5c37.dir/build.make CMakeFiles/cmTC_d5c37.dir/build
make[1]: Entering directory '/workspaces/server/build/CMakeFiles/CMakeTmp'
Building C object CMakeFiles/cmTC_d5c37.dir/CheckFunctionExists.c.o
/usr/bin/gcc   -Wall -Wno-implicit-fallthrough -DCHECK_FUNCTION_EXISTS=strerror   -std=c99 -o CMakeFiles/cmTC_d5c37.dir/CheckFunctionExists.c.o   -c /usr/share/cmake-3.16/Modules/CheckFunctionExists.c
Linking C executable cmTC_d5c37
/usr/bin/cmake -E cmake_link_script CMakeFiles/cmTC_d5c37.dir/link.txt --verbose=1
/usr/bin/gcc  -Wall -Wno-implicit-fallthrough -DCHECK_FUNCTION_EXISTS=strerror    CMakeFiles/cmTC_d5c37.dir/CheckFunctionExists.c.o  -o cmTC_d5c37 
make[1]: Leaving directory '/workspaces/server/build/CMakeFiles/CMakeTmp'



Performing C SOURCE FILE Test HAVE_NO_INTERPOSITION succeeded with the following output:
Change Dir: /workspaces/server/build/CMakeFiles/CMakeTmp

Run Build Command(s):/usr/bin/make cmTC_185d8/fast && /usr/bin/make -f CMakeFiles/cmTC_185d8.dir/build.make CMakeFiles/cmTC_185d8.dir/build
make[1]: Entering directory '/workspaces/server/build/CMakeFiles/CMakeTmp'
Building C object CMakeFiles/cmTC_185d8.dir/src.c.o
/usr/bin/gcc   -Wall -Wno-implicit-fallthrough -DHAVE_NO_INTERPOSITION -fno-semantic-interposition   -std=c99 -o CMakeFiles/cmTC_185d8.dir/src.c.o   -c /workspaces/server/build/CMakeFiles/CMakeTmp/src.c
Linking C executable cmTC_185d8
/usr/bin/cmake -E cmake_link_script CMakeFiles/cmTC_185d8.dir/link.txt --verbose=1
/usr/bin/gcc  -Wall -Wno-implicit-fallthrough -DHAVE_NO_INTERPOSITION -fno-semantic-interposition    CMakeFiles/cmTC_185d8.dir/src.c.o  -o cmTC_185d8 
make[1]: Leaving directory '/workspaces/server/build/CMakeFiles/CMakeTmp'


Source file was:
int main() { return 0; }
Performing C SOURCE FILE Test HAVE_ATTRIBUTE_VISIBILITY_HIDDEN succeeded with the following output:
Change Dir: /workspaces/server/build/CMakeFiles/CMakeTmp

Run Build Command(s):/usr/bin/make cmTC_0da93/fast && /usr/bin/make -f CMakeFiles/cmTC_0da93.dir/build.make CMakeFiles/cmTC_0da93.dir/build
make[1]: Entering directory '/workspaces/server/build/CMakeFiles/CMakeTmp'
Building C object CMakeFiles/cmTC_0da93.dir/src.c.o
/usr/bin/gcc   -Wall -Wno-implicit-fallthrough -DHAVE_ATTRIBUTE_VISIBILITY_HIDDEN   -std=c99 -o CMakeFiles/cmTC_0da93.dir/src.c.o   -c /workspaces/server/build/CMakeFiles/CMakeTmp/src.c
Linking C executable cmTC_0da93
/usr/bin/cmake -E cmake_link_script CMakeFiles/cmTC_0da93.dir/link.txt --verbose=1
/usr/bin/gcc  -Wall -Wno-implicit-fallthrough -DHAVE_ATTRIBUTE_VISIBILITY_HIDDEN    CMakeFiles/cmTC_0da93.dir/src.c.o  -o cmTC_0da93 
make[1]: Leaving directory '/workspaces/server/build/CMakeFiles/CMakeTmp'


Source file was:
#define Z_INTERNAL __attribute__((visibility ("hidden")))
    int Z_INTERNAL foo;
    int main() {
        return 0;
    }
Performing C SOURCE FILE Test HAVE_ATTRIBUTE_VISIBILITY_INTERNAL succeeded with the following output:
Change Dir: /workspaces/server/build/CMakeFiles/CMakeTmp

Run Build Command(s):/usr/bin/make cmTC_9e3eb/fast && /usr/bin/make -f CMakeFiles/cmTC_9e3eb.dir/build.make CMakeFiles/cmTC_9e3eb.dir/build
make[1]: Entering directory '/workspaces/server/build/CMakeFiles/CMakeTmp'
Building C object CMakeFiles/cmTC_9e3eb.dir/src.c.o
/usr/bin/gcc   -Wall -Wno-implicit-fallthrough -DHAVE_ATTRIBUTE_VISIBILITY_INTERNAL   -std=c99 -o CMakeFiles/cmTC_9e3eb.dir/src.c.o   -c /workspaces/server/build/CMakeFiles/CMakeTmp/src.c
Linking C executable cmTC_9e3eb
/usr/bin/cmake -E cmake_link_script CMakeFiles/cmTC_9e3eb.dir/link.txt --verbose=1
/usr/bin/gcc  -Wall -Wno-implicit-fallthrough -DHAVE_ATTRIBUTE_VISIBILITY_INTERNAL    CMakeFiles/cmTC_9e3eb.dir/src.c.o  -o cmTC_9e3eb 
make[1]: Leaving directory '/workspaces/server/build/CMakeFiles/CMakeTmp'


Source file was:
#define Z_INTERNAL __attribute__((visibility ("internal")))
    int Z_INTERNAL foo;
    int main() {
        return 0;
    }
Performing C SOURCE FILE Test HAVE_BUILTIN_CTZ succeeded with the following output:
Change Dir: /workspaces/server/build/CMakeFiles/CMakeTmp

Run Build Command(s):/usr/bin/make cmTC_9dd9b/fast && /usr/bin/make -f CMakeFiles/cmTC_9dd9b.dir/build.make CMakeFiles/cmTC_9dd9b.dir/build
make[1]: Entering directory '/workspaces/server/build/CMakeFiles/CMakeTmp'
Building C object CMakeFiles/cmTC_9dd9b.dir/src.c.o
/usr/bin/gcc   -Wall -Wno-implicit-fallthrough -DHAVE_BUILTIN_CTZ   -std=c99 -o CMakeFiles/cmTC_9dd9b.dir/src.c.o   -c /workspaces/server/build/CMakeFiles/CMakeTmp/src.c
Linking C executable cmTC_9dd9b
/usr/bin/cmake -E cmake_link_script CMakeFiles/cmTC_9dd9b.dir/link.txt --verbose=1
/usr/bin/gcc  -Wall -Wno-implicit-fallthrough -DHAVE_BUILTIN_CTZ    CMakeFiles/cmTC_9dd9b.dir/src.c.o  -o cmTC_9dd9b 
make[1]: Leaving directory '/workspaces/server/build/CMakeFiles/CMakeTmp'


Source file was:
int main(void) {
        unsigned int zero = 0;
        long test = __builtin_ctz(zero);
        (void)test;
        return 0;
    }
Performing C SOURCE FILE Test HAVE_BUILTIN_CTZLL succeeded with the following output:
Change Dir: /workspaces/server/build/CMakeFiles/CMakeTmp

Run Build Command(s):/usr/bin/make cmTC_f4421/fast && /usr/bin/make -f CMakeFiles/cmTC_f4421.dir/build.make CMakeFiles/cmTC_f4421.dir/build
make[1]: Entering directory '/workspaces/server/build/CMakeFiles/CMakeTmp'
Building C object CMakeFiles/cmTC_f4421.dir/src.c.o
/usr/bin/gcc   -Wall -Wno-implicit-fallthrough -DHAVE_BUILTIN_CTZLL   -std=c99 -o CMakeFiles/cmTC_f4421.dir/src.c.o   -c /workspaces/server/build/CMakeFiles/CMakeTmp/src.c
Linking C executable cmTC_f4421
/usr/bin/cmake -E cmake_link_script CMakeFiles/cmTC_f4421.dir/link.txt --verbose=1
/usr/bin/gcc  -Wall -Wno-implicit-fallthrough -DHAVE_BUILTIN_CTZLL    CMakeFiles/cmTC_f4421.dir/src.c.o  -o cmTC_f4421 
make[1]: Leaving directory '/workspaces/server/build/CMakeFiles/CMakeTmp'


Source file was:
int main(void) {
        unsigned int zero = 0;
        long test = __builtin_ctzll(zero);
        (void)test;
        return 0;
    }
Performing C SOURCE FILE Test HAVE_PTRDIFF_T succeeded with the following output:
Change Dir: /workspaces/server/build/CMakeFiles/CMakeTmp

Run Build Command(s):/usr/bin/make cmTC_f1ff6/fast && /usr/bin/make -f CMakeFiles/cmTC_f1ff6.dir/build.make CMakeFiles/cmTC_f1ff6.dir/build
make[1]: Entering directory '/workspaces/server/build/CMakeFiles/CMakeTmp'
Building C object CMakeFiles/cmTC_f1ff6.dir/src.c.o
/usr/bin/gcc   -Wall -Wno-implicit-fallthrough -DHAVE_PTRDIFF_T   -std=c99 -o CMakeFiles/cmTC_f1ff6.dir/src.c.o   -c /workspaces/server/build/CMakeFiles/CMakeTmp/src.c
Linking C executable cmTC_f1ff6
/usr/bin/cmake -E cmake_link_script CMakeFiles/cmTC_f1ff6.dir/link.txt --verbose=1
/usr/bin/gcc  -Wall -Wno-implicit-fallthrough -DHAVE_PTRDIFF_T    CMakeFiles/cmTC_f1ff6.dir/src.c.o  -o cmTC_f1ff6 
make[1]: Leaving directory '/workspaces/server/build/CMakeFiles/CMakeTmp'


Source file was:
#include <stddef.h>
     int main() {
         ptrdiff_t *a;
         (void)a;
         return 0;
    }
Performing C SOURCE FILE Test HAVE_SSE2_INTRIN succeeded with the following output:
Change Dir: /workspaces/server/build/CMakeFiles/CMakeTmp

Run Build Command(s):/usr/bin/make cmTC_9244a/fast && /usr/bin/make -f CMakeFiles/cmTC_9244a.dir/build.make CMakeFiles/cmTC_9244a.dir/build
make[1]: Entering directory '/workspaces/server/build/CMakeFiles/CMakeTmp'
Building C object CMakeFiles/cmTC_9244a.dir/src.c.o
/usr/bin/gcc   -Wall -Wno-implicit-fallthrough -DHAVE_SSE2_INTRIN -msse2   -std=c99 -o CMakeFiles/cmTC_9244a.dir/src.c.o   -c /workspaces/server/build/CMakeFiles/CMakeTmp/src.c
Linking C executable cmTC_9244a
/usr/bin/cmake -E cmake_link_script CMakeFiles/cmTC_9244a.dir/link.txt --verbose=1
/usr/bin/gcc  -Wall -Wno-implicit-fallthrough -DHAVE_SSE2_INTRIN -msse2    CMakeFiles/cmTC_9244a.dir/src.c.o  -o cmTC_9244a 
make[1]: Leaving directory '/workspaces/server/build/CMakeFiles/CMakeTmp'


Source file was:
#include <immintrin.h>
        int main(void) {
            __m128i zero = _mm_setzero_si128();
            (void)zero;
            return 0;
        }
Performing C SOURCE FILE Test HAVE_SSSE3_INTRIN succeeded with the following output:
Change Dir: /workspaces/server/build/CMakeFiles/CMakeTmp

Run Build Command(s):/usr/bin/make cmTC_a3ac6/fast && /usr/bin/make -f CMakeFiles/cmTC_a3ac6.dir/build.make CMakeFiles/cmTC_a3ac6.dir/build
make[1]: Entering directory '/workspaces/server/build/CMakeFiles/CMakeTmp'
Building C object CMakeFiles/cmTC_a3ac6.dir/src.c.o
/usr/bin/gcc   -Wall -Wno-implicit-fallthrough -DHAVE_SSSE3_INTRIN -mssse3   -std=c99 -o CMakeFiles/cmTC_a3ac6.dir/src.c.o   -c /workspaces/server/build/CMakeFiles/CMakeTmp/src.c
Linking C executable cmTC_a3ac6
/usr/bin/cmake -E cmake_link_script CMakeFiles/cmTC_a3ac6.dir/link.txt --verbose=1
/usr/bin/gcc  -Wall -Wno-implicit-fallthrough -DHAVE_SSSE3_INTRIN -mssse3    CMakeFiles/cmTC_a3ac6.dir/src.c.o  -o cmTC_a3ac6 
make[1]: Leaving directory '/workspaces/server/build/CMakeFiles/CMakeTmp'


Source file was:
#include <immintrin.h>
        int main(void) {
            __m128i u, v, w;
            u = _mm_set1_epi32(1);
            v = _mm_set1_epi32(2);
            w = _mm_hadd_epi32(u, v);
            (void)w;
            return 0;
        }
Performing C SOURCE FILE Test HAVE_SSE42CRC_INLINE_ASM succeeded with the following output:
Change Dir: /workspaces/server/build/CMakeFiles/CMakeTmp

Run Build Command(s):/usr/bin/make cmTC_65261/fast && /usr/bin/make -f CMakeFiles/cmTC_65261.dir/build.make CMakeFiles/cmTC_65261.dir/build
make[1]: Entering directory '/workspaces/server/build/CMakeFiles/CMakeTmp'
Building C object CMakeFiles/cmTC_65261.dir/src.c.o
/usr/bin/gcc   -Wall -Wno-implicit-fallthrough -DHAVE_SSE42CRC_INLINE_ASM -msse4   -std=c99 -o CMakeFiles/cmTC_65261.dir/src.c.o   -c /workspaces/server/build/CMakeFiles/CMakeTmp/src.c
Linking C executable cmTC_65261
/usr/bin/cmake -E cmake_link_script CMakeFiles/cmTC_65261.dir/link.txt --verbose=1
/usr/bin/gcc  -Wall -Wno-implicit-fallthrough -DHAVE_SSE42CRC_INLINE_ASM -msse4    CMakeFiles/cmTC_65261.dir/src.c.o  -o cmTC_65261 
make[1]: Leaving directory '/workspaces/server/build/CMakeFiles/CMakeTmp'


Source file was:
int main(void) {
            unsigned val = 0, h = 0;
        #if defined(_MSC_VER)
            { __asm mov edx, h __asm mov eax, val __asm crc32 eax, edx __asm mov val, eax }
        #else
            __asm__ __volatile__ ( "crc32 %1,%0" : "+r" (h) : "r" (val) );
        #endif
            return (int)h;
        }
Performing C SOURCE FILE Test HAVE_SSE42CRC_INTRIN succeeded with the following output:
Change Dir: /workspaces/server/build/CMakeFiles/CMakeTmp

Run Build Command(s):/usr/bin/make cmTC_2054e/fast && /usr/bin/make -f CMakeFiles/cmTC_2054e.dir/build.make CMakeFiles/cmTC_2054e.dir/build
make[1]: Entering directory '/workspaces/server/build/CMakeFiles/CMakeTmp'
Building C object CMakeFiles/cmTC_2054e.dir/src.c.o
/usr/bin/gcc   -Wall -Wno-implicit-fallthrough -DHAVE_SSE42CRC_INTRIN -msse4   -std=c99 -o CMakeFiles/cmTC_2054e.dir/src.c.o   -c /workspaces/server/build/CMakeFiles/CMakeTmp/src.c
Linking C executable cmTC_2054e
/usr/bin/cmake -E cmake_link_script CMakeFiles/cmTC_2054e.dir/link.txt --verbose=1
/usr/bin/gcc  -Wall -Wno-implicit-fallthrough -DHAVE_SSE42CRC_INTRIN -msse4    CMakeFiles/cmTC_2054e.dir/src.c.o  -o cmTC_2054e 
make[1]: Leaving directory '/workspaces/server/build/CMakeFiles/CMakeTmp'


Source file was:
#include <immintrin.h>
        int main(void) {
            unsigned crc = 0;
            char c = 'c';
        #if defined(_MSC_VER)
            crc = _mm_crc32_u32(crc, c);
        #else
            crc = __builtin_ia32_crc32qi(crc, c);
        #endif
            (void)crc;
            return 0;
        }
Performing C SOURCE FILE Test HAVE_SSE42CMPSTR_INTRIN succeeded with the following output:
Change Dir: /workspaces/server/build/CMakeFiles/CMakeTmp

Run Build Command(s):/usr/bin/make cmTC_4cd41/fast && /usr/bin/make -f CMakeFiles/cmTC_4cd41.dir/build.make CMakeFiles/cmTC_4cd41.dir/build
make[1]: Entering directory '/workspaces/server/build/CMakeFiles/CMakeTmp'
Building C object CMakeFiles/cmTC_4cd41.dir/src.c.o
/usr/bin/gcc   -Wall -Wno-implicit-fallthrough -DHAVE_SSE42CMPSTR_INTRIN -msse4   -std=c99 -o CMakeFiles/cmTC_4cd41.dir/src.c.o   -c /workspaces/server/build/CMakeFiles/CMakeTmp/src.c
Linking C executable cmTC_4cd41
/usr/bin/cmake -E cmake_link_script CMakeFiles/cmTC_4cd41.dir/link.txt --verbose=1
/usr/bin/gcc  -Wall -Wno-implicit-fallthrough -DHAVE_SSE42CMPSTR_INTRIN -msse4    CMakeFiles/cmTC_4cd41.dir/src.c.o  -o cmTC_4cd41 
make[1]: Leaving directory '/workspaces/server/build/CMakeFiles/CMakeTmp'


Source file was:
#include <immintrin.h>
        int main(void) {
            unsigned char a[64] = { 0 };
            unsigned char b[64] = { 0 };
            __m128i xmm_src0, xmm_src1;
            xmm_src0 = _mm_loadu_si128((__m128i *)(char *)a);
            xmm_src1 = _mm_loadu_si128((__m128i *)(char *)b);
            return _mm_cmpestri(xmm_src0, 16, xmm_src1, 16, 0);
        }
Performing C SOURCE FILE Test HAVE_PCLMULQDQ_INTRIN succeeded with the following output:
Change Dir: /workspaces/server/build/CMakeFiles/CMakeTmp

Run Build Command(s):/usr/bin/make cmTC_13b32/fast && /usr/bin/make -f CMakeFiles/cmTC_13b32.dir/build.make CMakeFiles/cmTC_13b32.dir/build
make[1]: Entering directory '/workspaces/server/build/CMakeFiles/CMakeTmp'
Building C object CMakeFiles/cmTC_13b32.dir/src.c.o
/usr/bin/gcc   -Wall -Wno-implicit-fallthrough -DHAVE_PCLMULQDQ_INTRIN -mpclmul   -std=c99 -o CMakeFiles/cmTC_13b32.dir/src.c.o   -c /workspaces/server/build/CMakeFiles/CMakeTmp/src.c
Linking C executable cmTC_13b32
/usr/bin/cmake -E cmake_link_script CMakeFiles/cmTC_13b32.dir/link.txt --verbose=1
/usr/bin/gcc  -Wall -Wno-implicit-fallthrough -DHAVE_PCLMULQDQ_INTRIN -mpclmul    CMakeFiles/cmTC_13b32.dir/src.c.o  -o cmTC_13b32 
make[1]: Leaving directory '/workspaces/server/build/CMakeFiles/CMakeTmp'


Source file was:
#include <immintrin.h>
            int main(void) {
                __m128i a = _mm_setzero_si128();
                __m128i b = _mm_setzero_si128();
                __m128i c = _mm_clmulepi64_si128(a, b, 0x10);
                (void)c;
                return 0;
            }
Performing C SOURCE FILE Test HAVE_AVX2_INTRIN succeeded with the following output:
Change Dir: /workspaces/server/build/CMakeFiles/CMakeTmp

Run Build Command(s):/usr/bin/make cmTC_7e36a/fast && /usr/bin/make -f CMakeFiles/cmTC_7e36a.dir/build.make CMakeFiles/cmTC_7e36a.dir/build
make[1]: Entering directory '/workspaces/server/build/CMakeFiles/CMakeTmp'
Building C object CMakeFiles/cmTC_7e36a.dir/src.c.o
/usr/bin/gcc   -Wall -Wno-implicit-fallthrough -DHAVE_AVX2_INTRIN -mavx2   -std=c99 -o CMakeFiles/cmTC_7e36a.dir/src.c.o   -c /workspaces/server/build/CMakeFiles/CMakeTmp/src.c
Linking C executable cmTC_7e36a
/usr/bin/cmake -E cmake_link_script CMakeFiles/cmTC_7e36a.dir/link.txt --verbose=1
/usr/bin/gcc  -Wall -Wno-implicit-fallthrough -DHAVE_AVX2_INTRIN -mavx2    CMakeFiles/cmTC_7e36a.dir/src.c.o  -o cmTC_7e36a 
make[1]: Leaving directory '/workspaces/server/build/CMakeFiles/CMakeTmp'


Source file was:
#include <immintrin.h>
        int main(void) {
            __m256i x = _mm256_set1_epi16(2);
            const __m256i y = _mm256_set1_epi16(1);
            x = _mm256_subs_epu16(x, y);
            (void)x;
            return 0;
        }
